#
# There is insufficient memory for the Java Runtime Environment to continue.
# Native memory allocation (malloc) failed to allocate 59856 bytes for Chunk::new
# Possible reasons:
#   The system is out of physical RAM or swap space
#   The process is running with CompressedOops enabled, and the Java Heap may be blocking the growth of the native heap
# Possible solutions:
#   Reduce memory load on the system
#   Increase physical memory or swap space
#   Check if swap backing store is full
#   Decrease Java heap size (-Xmx/-Xms)
#   Decrease number of Java threads
#   Decrease Java thread stack sizes (-Xss)
#   Set larger code cache with -XX:ReservedCodeCacheSize=
#   JVM is running with Unscaled Compressed Oops mode in which the Java heap is
#     placed in the first 4GB address space. The Java Heap base address is the
#     maximum limit for the native heap growth. Please use -XX:HeapBaseMinAddress
#     to set the Java Heap base and to place the Java Heap above 4GB virtual address.
# This output file may be truncated or incomplete.
#
#  Out of Memory Error (arena.cpp:191), pid=21144, tid=2524
#
# JRE version: OpenJDK Runtime Environment Temurin-17.0.9+9 (17.0.9+9) (build 17.0.9+9)
# Java VM: OpenJDK 64-Bit Server VM Temurin-17.0.9+9 (17.0.9+9, mixed mode, sharing, tiered, compressed oops, compressed class ptrs, g1 gc, windows-amd64)
# No core dump will be written. Minidumps are not enabled by default on client versions of Windows
#

---------------  S U M M A R Y ------------

Command Line: --add-opens=java.base/java.util=ALL-UNNAMED --add-opens=java.base/java.lang=ALL-UNNAMED --add-opens=java.base/java.lang.invoke=ALL-UNNAMED --add-opens=java.prefs/java.util.prefs=ALL-UNNAMED --add-opens=java.base/java.nio.charset=ALL-UNNAMED --add-opens=java.base/java.net=ALL-UNNAMED --add-opens=java.base/java.util.concurrent.atomic=ALL-UNNAMED -XX:MaxMetaspaceSize=384m -XX:+HeapDumpOnOutOfMemoryError -Xms256m -Xmx512m -Dfile.encoding=windows-1252 -Duser.country=ES -Duser.language=es -Duser.variant -javaagent:C:\Users\laura\.gradle\wrapper\dists\gradle-8.2-bin\bbg7u40eoinfdyxsxr3z4i7ta\gradle-8.2\lib\agents\gradle-instrumentation-agent-8.2.jar org.gradle.launcher.daemon.bootstrap.GradleDaemon 8.2

Host: Intel(R) Core(TM) i3-10110U CPU @ 2.10GHz, 4 cores, 7G,  Windows 10 , 64 bit Build 19041 (10.0.19041.3570)
Time: Fri Dec 15 17:14:24 2023 Hora estándar Europa Occidental elapsed time: 818.526677 seconds (0d 0h 13m 38s)

---------------  T H R E A D  ---------------

Current thread (0x0000021f4e5c6ca0):  JavaThread "C2 CompilerThread0" daemon [_thread_in_native, id=2524, stack(0x000000b3a5200000,0x000000b3a5300000)]


Current CompileTask:
C2: 818526 6914       4       java.util.stream.Collectors$$Lambda$64/0x0000021f50071478::accept (14 bytes)

Stack: [0x000000b3a5200000,0x000000b3a5300000]
Native frames: (J=compiled Java code, j=interpreted, Vv=VM code, C=native code)
V  [jvm.dll+0x67cf49]
V  [jvm.dll+0x83478a]
V  [jvm.dll+0x83624e]
V  [jvm.dll+0x8368b3]
V  [jvm.dll+0x247f1f]
V  [jvm.dll+0xac43c]
V  [jvm.dll+0xaca8c]
V  [jvm.dll+0x367012]
V  [jvm.dll+0x1bd536]
V  [jvm.dll+0x21a709]
V  [jvm.dll+0x2199d1]
V  [jvm.dll+0x1a57cd]
V  [jvm.dll+0x2297ae]
V  [jvm.dll+0x22797c]
V  [jvm.dll+0x7e9877]
V  [jvm.dll+0x7e3c3a]
V  [jvm.dll+0x67be35]
C  [ucrtbase.dll+0x21bb2]
C  [KERNEL32.DLL+0x17344]
C  [ntdll.dll+0x526b1]


---------------  P R O C E S S  ---------------

Threads class SMR info:
_java_thread_list=0x0000021f6b42f640, length=53, elements={
0x0000021f323acd50, 0x0000021f4e5aaa10, 0x0000021f4e5acdf0, 0x0000021f4e5c2470,
0x0000021f4e5c4e50, 0x0000021f4e5c5720, 0x0000021f4e5c5ff0, 0x0000021f4e5c6ca0,
0x0000021f4e5c9670, 0x0000021f4e5cd740, 0x0000021f4e7c7e00, 0x0000021f4e8bc3c0,
0x0000021f6990cbd0, 0x0000021f696575a0, 0x0000021f6a560180, 0x0000021f697fe790,
0x0000021f69649fe0, 0x0000021f68cdb170, 0x0000021f68cd9d30, 0x0000021f68cda240,
0x0000021f68cd8e00, 0x0000021f68cdac60, 0x0000021f68cd9310, 0x0000021f68cdb680,
0x0000021f68cd9820, 0x0000021f68cdbb90, 0x0000021f68cd83e0, 0x0000021f68cd88f0,
0x0000021f6c3a3b90, 0x0000021f6c3a59f0, 0x0000021f6c3a7340, 0x0000021f6c3a45b0,
0x0000021f6c3a3170, 0x0000021f6c3a5f00, 0x0000021f6c3a7d60, 0x0000021f6c3a6e30,
0x0000021f6c3a4fd0, 0x0000021f6c3a54e0, 0x0000021f6c3a9bc0, 0x0000021f6c3a91a0,
0x0000021f6c3a7850, 0x0000021f6c3a8780, 0x0000021f6c3a8c90, 0x0000021f6c3aa5e0,
0x0000021f6c3a96b0, 0x0000021f6c3a3680, 0x0000021f6c3aa0d0, 0x0000021f69cde230,
0x0000021f69cdf670, 0x0000021f69cde740, 0x0000021f69cdec50, 0x0000021f69ce2e20,
0x0000021f6ca289c0
}

Java Threads: ( => current thread )
  0x0000021f323acd50 JavaThread "main" [_thread_blocked, id=18280, stack(0x000000b3a4500000,0x000000b3a4600000)]
  0x0000021f4e5aaa10 JavaThread "Reference Handler" daemon [_thread_blocked, id=14352, stack(0x000000b3a4c00000,0x000000b3a4d00000)]
  0x0000021f4e5acdf0 JavaThread "Finalizer" daemon [_thread_blocked, id=18000, stack(0x000000b3a4d00000,0x000000b3a4e00000)]
  0x0000021f4e5c2470 JavaThread "Signal Dispatcher" daemon [_thread_blocked, id=21896, stack(0x000000b3a4e00000,0x000000b3a4f00000)]
  0x0000021f4e5c4e50 JavaThread "Attach Listener" daemon [_thread_blocked, id=16176, stack(0x000000b3a4f00000,0x000000b3a5000000)]
  0x0000021f4e5c5720 JavaThread "Service Thread" daemon [_thread_blocked, id=20540, stack(0x000000b3a5000000,0x000000b3a5100000)]
  0x0000021f4e5c5ff0 JavaThread "Monitor Deflation Thread" daemon [_thread_blocked, id=18756, stack(0x000000b3a5100000,0x000000b3a5200000)]
=>0x0000021f4e5c6ca0 JavaThread "C2 CompilerThread0" daemon [_thread_in_native, id=2524, stack(0x000000b3a5200000,0x000000b3a5300000)]
  0x0000021f4e5c9670 JavaThread "C1 CompilerThread0" daemon [_thread_blocked, id=1524, stack(0x000000b3a5300000,0x000000b3a5400000)]
  0x0000021f4e5cd740 JavaThread "Sweeper thread" daemon [_thread_blocked, id=14684, stack(0x000000b3a5400000,0x000000b3a5500000)]
  0x0000021f4e7c7e00 JavaThread "Common-Cleaner" daemon [_thread_blocked, id=20456, stack(0x000000b3a5500000,0x000000b3a5600000)]
  0x0000021f4e8bc3c0 JavaThread "Notification Thread" daemon [_thread_blocked, id=13968, stack(0x000000b3a5700000,0x000000b3a5800000)]
  0x0000021f6990cbd0 JavaThread "Daemon health stats" [_thread_blocked, id=11440, stack(0x000000b3a5d00000,0x000000b3a5e00000)]
  0x0000021f696575a0 JavaThread "Incoming local TCP Connector on port 58863" [_thread_in_native, id=15096, stack(0x000000b3a5e00000,0x000000b3a5f00000)]
  0x0000021f6a560180 JavaThread "Daemon periodic checks" [_thread_blocked, id=6552, stack(0x000000b3a5f00000,0x000000b3a6000000)]
  0x0000021f697fe790 JavaThread "Daemon" [_thread_blocked, id=14732, stack(0x000000b3a6000000,0x000000b3a6100000)]
  0x0000021f69649fe0 JavaThread "Handler for socket connection from /127.0.0.1:58863 to /127.0.0.1:58864" [_thread_in_native, id=22876, stack(0x000000b3a6100000,0x000000b3a6200000)]
  0x0000021f68cdb170 JavaThread "Cancel handler" [_thread_blocked, id=4108, stack(0x000000b3a6200000,0x000000b3a6300000)]
  0x0000021f68cd9d30 JavaThread "Daemon worker" [_thread_blocked, id=18452, stack(0x000000b3a6300000,0x000000b3a6400000)]
  0x0000021f68cda240 JavaThread "Asynchronous log dispatcher for DefaultDaemonConnection: socket connection from /127.0.0.1:58863 to /127.0.0.1:58864" [_thread_blocked, id=12892, stack(0x000000b3a6400000,0x000000b3a6500000)]
  0x0000021f68cd8e00 JavaThread "Stdin handler" [_thread_blocked, id=11116, stack(0x000000b3a6500000,0x000000b3a6600000)]
  0x0000021f68cdac60 JavaThread "Daemon client event forwarder" [_thread_blocked, id=1004, stack(0x000000b3a6600000,0x000000b3a6700000)]
  0x0000021f68cd9310 JavaThread "Cache worker for journal cache (C:\Users\laura\.gradle\caches\journal-1)" [_thread_blocked, id=7364, stack(0x000000b3a5900000,0x000000b3a5a00000)]
  0x0000021f68cdb680 JavaThread "File lock request listener" [_thread_in_native, id=5620, stack(0x000000b3a6700000,0x000000b3a6800000)]
  0x0000021f68cd9820 JavaThread "Cache worker for file hash cache (C:\Users\laura\.gradle\caches\8.2\fileHashes)" [_thread_blocked, id=14556, stack(0x000000b3a6800000,0x000000b3a6900000)]
  0x0000021f68cdbb90 JavaThread "File watcher server" daemon [_thread_in_native, id=6312, stack(0x000000b3a6a00000,0x000000b3a6b00000)]
  0x0000021f68cd83e0 JavaThread "File watcher consumer" daemon [_thread_blocked, id=23528, stack(0x000000b3a6b00000,0x000000b3a6c00000)]
  0x0000021f68cd88f0 JavaThread "Cache worker for checksums cache (C:\Users\laura\programming\ejercicios\.gradle\8.2\checksums)" [_thread_blocked, id=2828, stack(0x000000b3a6c00000,0x000000b3a6d00000)]
  0x0000021f6c3a3b90 JavaThread "Cache worker for cache directory md-rule (C:\Users\laura\.gradle\caches\8.2\md-rule)" [_thread_blocked, id=16972, stack(0x000000b3a6d00000,0x000000b3a6e00000)]
  0x0000021f6c3a59f0 JavaThread "Cache worker for file content cache (C:\Users\laura\.gradle\caches\8.2\fileContent)" [_thread_blocked, id=17588, stack(0x000000b3a6e00000,0x000000b3a6f00000)]
  0x0000021f6c3a7340 JavaThread "Cache worker for file hash cache (C:\Users\laura\programming\ejercicios\.gradle\8.2\fileHashes)" [_thread_blocked, id=21672, stack(0x000000b3a6f00000,0x000000b3a7000000)]
  0x0000021f6c3a45b0 JavaThread "Cache worker for cache directory md-supplier (C:\Users\laura\.gradle\caches\8.2\md-supplier)" [_thread_blocked, id=22972, stack(0x000000b3a7000000,0x000000b3a7100000)]
  0x0000021f6c3a3170 JavaThread "Cache worker for execution history cache (C:\Users\laura\.gradle\caches\8.2\executionHistory)" [_thread_blocked, id=10100, stack(0x000000b3a7100000,0x000000b3a7200000)]
  0x0000021f6c3a5f00 JavaThread "jar transforms" [_thread_blocked, id=17624, stack(0x000000b3a7200000,0x000000b3a7300000)]
  0x0000021f6c3a7d60 JavaThread "jar transforms Thread 2" [_thread_blocked, id=16476, stack(0x000000b3a7300000,0x000000b3a7400000)]
  0x0000021f6c3a6e30 JavaThread "jar transforms Thread 3" [_thread_blocked, id=80, stack(0x000000b3a7400000,0x000000b3a7500000)]
  0x0000021f6c3a4fd0 JavaThread "jar transforms Thread 4" [_thread_blocked, id=21228, stack(0x000000b3a7500000,0x000000b3a7600000)]
  0x0000021f6c3a54e0 JavaThread "Cache worker for kotlin-dsl (C:\Users\laura\.gradle\caches\8.2\kotlin-dsl)" [_thread_blocked, id=14208, stack(0x000000b3a7600000,0x000000b3a7700000)]
  0x0000021f6c3a9bc0 JavaThread "Cache worker for dependencies-accessors (C:\Users\laura\programming\ejercicios\.gradle\8.2\dependencies-accessors)" [_thread_blocked, id=19460, stack(0x000000b3a7800000,0x000000b3a7900000)]
  0x0000021f6c3a91a0 JavaThread "Cache worker for Build Output Cleanup Cache (C:\Users\laura\programming\ejercicios\.gradle\buildOutputCleanup)" [_thread_blocked, id=16884, stack(0x000000b3a7900000,0x000000b3a7a00000)]
  0x0000021f6c3a7850 JavaThread "Memory manager" [_thread_blocked, id=8740, stack(0x000000b3a7a00000,0x000000b3a7b00000)]
  0x0000021f6c3a8780 JavaThread "included builds" [_thread_blocked, id=22148, stack(0x000000b3a7c00000,0x000000b3a7d00000)]
  0x0000021f6c3a8c90 JavaThread "Execution worker" [_thread_blocked, id=14128, stack(0x000000b3a7d00000,0x000000b3a7e00000)]
  0x0000021f6c3aa5e0 JavaThread "Execution worker Thread 2" [_thread_blocked, id=4944, stack(0x000000b3a7e00000,0x000000b3a7f00000)]
  0x0000021f6c3a96b0 JavaThread "Execution worker Thread 3" [_thread_blocked, id=5880, stack(0x000000b3a7f00000,0x000000b3a8000000)]
  0x0000021f6c3a3680 JavaThread "Cache worker for execution history cache (C:\Users\laura\programming\ejercicios\.gradle\8.2\executionHistory)" [_thread_blocked, id=8860, stack(0x000000b3a8000000,0x000000b3a8100000)]
  0x0000021f6c3aa0d0 JavaThread "Cache worker for Java compile cache (C:\Users\laura\.gradle\caches\8.2\javaCompile)" [_thread_blocked, id=15908, stack(0x000000b3a8100000,0x000000b3a8200000)]
  0x0000021f69cde230 JavaThread "Exec process" [_thread_in_native, id=1048, stack(0x000000b3a8200000,0x000000b3a8300000)]
  0x0000021f69cdf670 JavaThread "DisconnectableInputStream source reader" daemon [_thread_blocked, id=22348, stack(0x000000b3a8300000,0x000000b3a8400000)]
  0x0000021f69cde740 JavaThread "Exec process Thread 2" [_thread_blocked, id=9816, stack(0x000000b3a8400000,0x000000b3a8500000)]
  0x0000021f69cdec50 JavaThread "Exec process Thread 3" [_thread_in_native, id=13732, stack(0x000000b3a8500000,0x000000b3a8600000)]
  0x0000021f69ce2e20 JavaThread "Exec process Thread 4" [_thread_in_native, id=3000, stack(0x000000b3a8600000,0x000000b3a8700000)]
  0x0000021f6ca289c0 JavaThread "C2 CompilerThread1" daemon [_thread_blocked, id=14816, stack(0x000000b3a4300000,0x000000b3a4400000)]

Other Threads:
  0x0000021f4e5a6aa0 VMThread "VM Thread" [stack: 0x000000b3a4b00000,0x000000b3a4c00000] [id=20904]
  0x0000021f4e8ed240 WatcherThread [stack: 0x000000b3a5800000,0x000000b3a5900000] [id=18496]
  0x0000021f323d9b30 GCTaskThread "GC Thread#0" [stack: 0x000000b3a4600000,0x000000b3a4700000] [id=5212]
  0x0000021f4e9617b0 GCTaskThread "GC Thread#1" [stack: 0x000000b3a5a00000,0x000000b3a5b00000] [id=10084]
  0x0000021f4eafbc20 GCTaskThread "GC Thread#2" [stack: 0x000000b3a5b00000,0x000000b3a5c00000] [id=21100]
  0x0000021f4eafbee0 GCTaskThread "GC Thread#3" [stack: 0x000000b3a5c00000,0x000000b3a5d00000] [id=14764]
  0x0000021f323de990 ConcurrentGCThread "G1 Main Marker" [stack: 0x000000b3a4700000,0x000000b3a4800000] [id=2652]
  0x0000021f323e02d0 ConcurrentGCThread "G1 Conc#0" [stack: 0x000000b3a4800000,0x000000b3a4900000] [id=1960]
  0x0000021f4e46a0f0 ConcurrentGCThread "G1 Refine#0" [stack: 0x000000b3a4900000,0x000000b3a4a00000] [id=19592]
  0x0000021f6a7faad0 ConcurrentGCThread "G1 Refine#1" [stack: 0x000000b3a7700000,0x000000b3a7800000] [id=7196]
  0x0000021f6da255f0 ConcurrentGCThread "G1 Refine#2" [stack: 0x000000b3a7b00000,0x000000b3a7c00000] [id=4632]
  0x0000021f4e46aa30 ConcurrentGCThread "G1 Service" [stack: 0x000000b3a4a00000,0x000000b3a4b00000] [id=20492]

Threads with active compile tasks:
C2 CompilerThread0   818574 6914       4       java.util.stream.Collectors$$Lambda$64/0x0000021f50071478::accept (14 bytes)

VM state: not at safepoint (normal execution)

VM Mutex/Monitor currently owned by a thread: None

Heap address: 0x00000000e0000000, size: 512 MB, Compressed Oops mode: 32-bit

CDS archive(s) mapped at: [0x0000021f4f000000-0x0000021f4fba0000-0x0000021f4fba0000), size 12189696, SharedBaseAddress: 0x0000021f4f000000, ArchiveRelocationMode: 1.
Compressed class space mapped at: 0x0000021f50000000-0x0000021f64000000, reserved size: 335544320
Narrow klass base: 0x0000021f4f000000, Narrow klass shift: 0, Narrow klass range: 0x100000000

GC Precious Log:
 CPUs: 4 total, 4 available
 Memory: 8056M
 Large Page Support: Disabled
 NUMA Support: Disabled
 Compressed Oops: Enabled (32-bit)
 Heap Region Size: 1M
 Heap Min Capacity: 256M
 Heap Initial Capacity: 256M
 Heap Max Capacity: 512M
 Pre-touch: Disabled
 Parallel Workers: 4
 Concurrent Workers: 1
 Concurrent Refinement Workers: 4
 Periodic GC: Disabled

Heap:
 garbage-first heap   total 262144K, used 72259K [0x00000000e0000000, 0x0000000100000000)
  region size 1024K, 34 young (34816K), 5 survivors (5120K)
 Metaspace       used 62348K, committed 62976K, reserved 393216K
  class space    used 8795K, committed 9088K, reserved 327680K

Heap Regions: E=young(eden), S=young(survivor), O=old, HS=humongous(starts), HC=humongous(continues), CS=collection set, F=free, OA=open archive, CA=closed archive, TAMS=top-at-mark-start (previous, next)
|   0|0x00000000e0000000, 0x00000000e0100000, 0x00000000e0100000|100%| O|  |TAMS 0x00000000e0100000, 0x00000000e0000000| Untracked 
|   1|0x00000000e0100000, 0x00000000e0200000, 0x00000000e0200000|100%| O|  |TAMS 0x00000000e0200000, 0x00000000e0100000| Untracked 
|   2|0x00000000e0200000, 0x00000000e0300000, 0x00000000e0300000|100%|HS|  |TAMS 0x00000000e0300000, 0x00000000e0200000| Complete 
|   3|0x00000000e0300000, 0x00000000e0400000, 0x00000000e0400000|100%|HC|  |TAMS 0x00000000e0400000, 0x00000000e0300000| Complete 
|   4|0x00000000e0400000, 0x00000000e0500000, 0x00000000e0500000|100%|HC|  |TAMS 0x00000000e0500000, 0x00000000e0400000| Complete 
|   5|0x00000000e0500000, 0x00000000e0600000, 0x00000000e0600000|100%|HC|  |TAMS 0x00000000e0600000, 0x00000000e0500000| Complete 
|   6|0x00000000e0600000, 0x00000000e0700000, 0x00000000e0700000|100%| O|  |TAMS 0x00000000e0700000, 0x00000000e0600000| Untracked 
|   7|0x00000000e0700000, 0x00000000e0800000, 0x00000000e0800000|100%| O|  |TAMS 0x00000000e0800000, 0x00000000e0700000| Untracked 
|   8|0x00000000e0800000, 0x00000000e0900000, 0x00000000e0900000|100%| O|  |TAMS 0x00000000e0900000, 0x00000000e0800000| Untracked 
|   9|0x00000000e0900000, 0x00000000e0a00000, 0x00000000e0a00000|100%| O|  |TAMS 0x00000000e0a00000, 0x00000000e0900000| Untracked 
|  10|0x00000000e0a00000, 0x00000000e0b00000, 0x00000000e0b00000|100%| O|  |TAMS 0x00000000e0b00000, 0x00000000e0a00000| Untracked 
|  11|0x00000000e0b00000, 0x00000000e0c00000, 0x00000000e0c00000|100%| O|  |TAMS 0x00000000e0c00000, 0x00000000e0b00000| Untracked 
|  12|0x00000000e0c00000, 0x00000000e0d00000, 0x00000000e0d00000|100%| O|  |TAMS 0x00000000e0d00000, 0x00000000e0c00000| Untracked 
|  13|0x00000000e0d00000, 0x00000000e0e00000, 0x00000000e0e00000|100%| O|  |TAMS 0x00000000e0e00000, 0x00000000e0d00000| Untracked 
|  14|0x00000000e0e00000, 0x00000000e0f00000, 0x00000000e0f00000|100%| O|  |TAMS 0x00000000e0f00000, 0x00000000e0e00000| Untracked 
|  15|0x00000000e0f00000, 0x00000000e1000000, 0x00000000e1000000|100%| O|  |TAMS 0x00000000e1000000, 0x00000000e0f00000| Untracked 
|  16|0x00000000e1000000, 0x00000000e1100000, 0x00000000e1100000|100%| O|  |TAMS 0x00000000e1100000, 0x00000000e1000000| Untracked 
|  17|0x00000000e1100000, 0x00000000e1200000, 0x00000000e1200000|100%| O|  |TAMS 0x00000000e1200000, 0x00000000e1100000| Untracked 
|  18|0x00000000e1200000, 0x00000000e1200000, 0x00000000e1300000|  0%| F|  |TAMS 0x00000000e1200000, 0x00000000e1200000| Untracked 
|  19|0x00000000e1300000, 0x00000000e1400000, 0x00000000e1400000|100%| O|  |TAMS 0x00000000e1400000, 0x00000000e1300000| Untracked 
|  20|0x00000000e1400000, 0x00000000e1500000, 0x00000000e1500000|100%| O|  |TAMS 0x00000000e1500000, 0x00000000e1400000| Untracked 
|  21|0x00000000e1500000, 0x00000000e1600000, 0x00000000e1600000|100%| O|  |TAMS 0x00000000e1600000, 0x00000000e1500000| Untracked 
|  22|0x00000000e1600000, 0x00000000e1700000, 0x00000000e1700000|100%| O|  |TAMS 0x00000000e1700000, 0x00000000e1600000| Untracked 
|  23|0x00000000e1700000, 0x00000000e1800000, 0x00000000e1800000|100%| O|  |TAMS 0x00000000e1800000, 0x00000000e1700000| Untracked 
|  24|0x00000000e1800000, 0x00000000e1900000, 0x00000000e1900000|100%| O|  |TAMS 0x00000000e1900000, 0x00000000e1800000| Untracked 
|  25|0x00000000e1900000, 0x00000000e1a00000, 0x00000000e1a00000|100%| O|  |TAMS 0x00000000e1a00000, 0x00000000e1900000| Untracked 
|  26|0x00000000e1a00000, 0x00000000e1b00000, 0x00000000e1b00000|100%| O|  |TAMS 0x00000000e1b00000, 0x00000000e1a00000| Untracked 
|  27|0x00000000e1b00000, 0x00000000e1c00000, 0x00000000e1c00000|100%| O|  |TAMS 0x00000000e1c00000, 0x00000000e1b00000| Untracked 
|  28|0x00000000e1c00000, 0x00000000e1d00000, 0x00000000e1d00000|100%| O|  |TAMS 0x00000000e1d00000, 0x00000000e1c00000| Untracked 
|  29|0x00000000e1d00000, 0x00000000e1e00000, 0x00000000e1e00000|100%| O|  |TAMS 0x00000000e1e00000, 0x00000000e1d00000| Complete 
|  30|0x00000000e1e00000, 0x00000000e1f00000, 0x00000000e1f00000|100%| O|  |TAMS 0x00000000e1f00000, 0x00000000e1e00000| Untracked 
|  31|0x00000000e1f00000, 0x00000000e2000000, 0x00000000e2000000|100%| O|  |TAMS 0x00000000e2000000, 0x00000000e1f00000| Untracked 
|  32|0x00000000e2000000, 0x00000000e2100000, 0x00000000e2100000|100%| O|  |TAMS 0x00000000e2100000, 0x00000000e2000000| Untracked 
|  33|0x00000000e2100000, 0x00000000e2200000, 0x00000000e2200000|100%| O|  |TAMS 0x00000000e2200000, 0x00000000e2100000| Untracked 
|  34|0x00000000e2200000, 0x00000000e2300000, 0x00000000e2300000|100%| O|  |TAMS 0x00000000e2300000, 0x00000000e2200000| Untracked 
|  35|0x00000000e2300000, 0x00000000e2400000, 0x00000000e2400000|100%| O|  |TAMS 0x00000000e2400000, 0x00000000e2300000| Untracked 
|  36|0x00000000e2400000, 0x00000000e2500000, 0x00000000e2500000|100%| O|  |TAMS 0x00000000e2500000, 0x00000000e2400000| Untracked 
|  37|0x00000000e2500000, 0x00000000e2600000, 0x00000000e2600000|100%| O|  |TAMS 0x00000000e2600000, 0x00000000e2500000| Untracked 
|  38|0x00000000e2600000, 0x00000000e2700000, 0x00000000e2700000|100%| O|  |TAMS 0x00000000e2700000, 0x00000000e2600000| Untracked 
|  39|0x00000000e2700000, 0x00000000e27cae00, 0x00000000e2800000| 79%| O|  |TAMS 0x00000000e27cae00, 0x00000000e2700000| Untracked 
|  40|0x00000000e2800000, 0x00000000e2800000, 0x00000000e2900000|  0%| F|  |TAMS 0x00000000e2800000, 0x00000000e2800000| Untracked 
|  41|0x00000000e2900000, 0x00000000e2900000, 0x00000000e2a00000|  0%| F|  |TAMS 0x00000000e2900000, 0x00000000e2900000| Untracked 
|  42|0x00000000e2a00000, 0x00000000e2a00000, 0x00000000e2b00000|  0%| F|  |TAMS 0x00000000e2a00000, 0x00000000e2a00000| Untracked 
|  43|0x00000000e2b00000, 0x00000000e2b00000, 0x00000000e2c00000|  0%| F|  |TAMS 0x00000000e2b00000, 0x00000000e2b00000| Untracked 
|  44|0x00000000e2c00000, 0x00000000e2c00000, 0x00000000e2d00000|  0%| F|  |TAMS 0x00000000e2c00000, 0x00000000e2c00000| Untracked 
|  45|0x00000000e2d00000, 0x00000000e2d00000, 0x00000000e2e00000|  0%| F|  |TAMS 0x00000000e2d00000, 0x00000000e2d00000| Untracked 
|  46|0x00000000e2e00000, 0x00000000e2e00000, 0x00000000e2f00000|  0%| F|  |TAMS 0x00000000e2e00000, 0x00000000e2e00000| Untracked 
|  47|0x00000000e2f00000, 0x00000000e2f00000, 0x00000000e3000000|  0%| F|  |TAMS 0x00000000e2f00000, 0x00000000e2f00000| Untracked 
|  48|0x00000000e3000000, 0x00000000e3000000, 0x00000000e3100000|  0%| F|  |TAMS 0x00000000e3000000, 0x00000000e3000000| Untracked 
|  49|0x00000000e3100000, 0x00000000e3100000, 0x00000000e3200000|  0%| F|  |TAMS 0x00000000e3100000, 0x00000000e3100000| Untracked 
|  50|0x00000000e3200000, 0x00000000e3200000, 0x00000000e3300000|  0%| F|  |TAMS 0x00000000e3200000, 0x00000000e3200000| Untracked 
|  51|0x00000000e3300000, 0x00000000e3300000, 0x00000000e3400000|  0%| F|  |TAMS 0x00000000e3300000, 0x00000000e3300000| Untracked 
|  52|0x00000000e3400000, 0x00000000e3400000, 0x00000000e3500000|  0%| F|  |TAMS 0x00000000e3400000, 0x00000000e3400000| Untracked 
|  53|0x00000000e3500000, 0x00000000e3500000, 0x00000000e3600000|  0%| F|  |TAMS 0x00000000e3500000, 0x00000000e3500000| Untracked 
|  54|0x00000000e3600000, 0x00000000e3600000, 0x00000000e3700000|  0%| F|  |TAMS 0x00000000e3600000, 0x00000000e3600000| Untracked 
|  55|0x00000000e3700000, 0x00000000e3700000, 0x00000000e3800000|  0%| F|  |TAMS 0x00000000e3700000, 0x00000000e3700000| Untracked 
|  56|0x00000000e3800000, 0x00000000e3800000, 0x00000000e3900000|  0%| F|  |TAMS 0x00000000e3800000, 0x00000000e3800000| Untracked 
|  57|0x00000000e3900000, 0x00000000e3900000, 0x00000000e3a00000|  0%| F|  |TAMS 0x00000000e3900000, 0x00000000e3900000| Untracked 
|  58|0x00000000e3a00000, 0x00000000e3a00000, 0x00000000e3b00000|  0%| F|  |TAMS 0x00000000e3a00000, 0x00000000e3a00000| Untracked 
|  59|0x00000000e3b00000, 0x00000000e3b00000, 0x00000000e3c00000|  0%| F|  |TAMS 0x00000000e3b00000, 0x00000000e3b00000| Untracked 
|  60|0x00000000e3c00000, 0x00000000e3c00000, 0x00000000e3d00000|  0%| F|  |TAMS 0x00000000e3c00000, 0x00000000e3c00000| Untracked 
|  61|0x00000000e3d00000, 0x00000000e3d00000, 0x00000000e3e00000|  0%| F|  |TAMS 0x00000000e3d00000, 0x00000000e3d00000| Untracked 
|  62|0x00000000e3e00000, 0x00000000e3e00000, 0x00000000e3f00000|  0%| F|  |TAMS 0x00000000e3e00000, 0x00000000e3e00000| Untracked 
|  63|0x00000000e3f00000, 0x00000000e3f00000, 0x00000000e4000000|  0%| F|  |TAMS 0x00000000e3f00000, 0x00000000e3f00000| Untracked 
|  64|0x00000000e4000000, 0x00000000e4000000, 0x00000000e4100000|  0%| F|  |TAMS 0x00000000e4000000, 0x00000000e4000000| Untracked 
|  65|0x00000000e4100000, 0x00000000e4100000, 0x00000000e4200000|  0%| F|  |TAMS 0x00000000e4100000, 0x00000000e4100000| Untracked 
|  66|0x00000000e4200000, 0x00000000e4200000, 0x00000000e4300000|  0%| F|  |TAMS 0x00000000e4200000, 0x00000000e4200000| Untracked 
|  67|0x00000000e4300000, 0x00000000e4300000, 0x00000000e4400000|  0%| F|  |TAMS 0x00000000e4300000, 0x00000000e4300000| Untracked 
|  68|0x00000000e4400000, 0x00000000e4400000, 0x00000000e4500000|  0%| F|  |TAMS 0x00000000e4400000, 0x00000000e4400000| Untracked 
|  69|0x00000000e4500000, 0x00000000e4500000, 0x00000000e4600000|  0%| F|  |TAMS 0x00000000e4500000, 0x00000000e4500000| Untracked 
|  70|0x00000000e4600000, 0x00000000e4600000, 0x00000000e4700000|  0%| F|  |TAMS 0x00000000e4600000, 0x00000000e4600000| Untracked 
|  71|0x00000000e4700000, 0x00000000e4700000, 0x00000000e4800000|  0%| F|  |TAMS 0x00000000e4700000, 0x00000000e4700000| Untracked 
|  72|0x00000000e4800000, 0x00000000e4800000, 0x00000000e4900000|  0%| F|  |TAMS 0x00000000e4800000, 0x00000000e4800000| Untracked 
|  73|0x00000000e4900000, 0x00000000e4900000, 0x00000000e4a00000|  0%| F|  |TAMS 0x00000000e4900000, 0x00000000e4900000| Untracked 
|  74|0x00000000e4a00000, 0x00000000e4a00000, 0x00000000e4b00000|  0%| F|  |TAMS 0x00000000e4a00000, 0x00000000e4a00000| Untracked 
|  75|0x00000000e4b00000, 0x00000000e4b00000, 0x00000000e4c00000|  0%| F|  |TAMS 0x00000000e4b00000, 0x00000000e4b00000| Untracked 
|  76|0x00000000e4c00000, 0x00000000e4c00000, 0x00000000e4d00000|  0%| F|  |TAMS 0x00000000e4c00000, 0x00000000e4c00000| Untracked 
|  77|0x00000000e4d00000, 0x00000000e4d00000, 0x00000000e4e00000|  0%| F|  |TAMS 0x00000000e4d00000, 0x00000000e4d00000| Untracked 
|  78|0x00000000e4e00000, 0x00000000e4e00000, 0x00000000e4f00000|  0%| F|  |TAMS 0x00000000e4e00000, 0x00000000e4e00000| Untracked 
|  79|0x00000000e4f00000, 0x00000000e4f00000, 0x00000000e5000000|  0%| F|  |TAMS 0x00000000e4f00000, 0x00000000e4f00000| Untracked 
|  80|0x00000000e5000000, 0x00000000e5000000, 0x00000000e5100000|  0%| F|  |TAMS 0x00000000e5000000, 0x00000000e5000000| Untracked 
|  81|0x00000000e5100000, 0x00000000e5100000, 0x00000000e5200000|  0%| F|  |TAMS 0x00000000e5100000, 0x00000000e5100000| Untracked 
|  82|0x00000000e5200000, 0x00000000e5200000, 0x00000000e5300000|  0%| F|  |TAMS 0x00000000e5200000, 0x00000000e5200000| Untracked 
|  83|0x00000000e5300000, 0x00000000e5300000, 0x00000000e5400000|  0%| F|  |TAMS 0x00000000e5300000, 0x00000000e5300000| Untracked 
|  84|0x00000000e5400000, 0x00000000e5400000, 0x00000000e5500000|  0%| F|  |TAMS 0x00000000e5400000, 0x00000000e5400000| Untracked 
|  85|0x00000000e5500000, 0x00000000e5500000, 0x00000000e5600000|  0%| F|  |TAMS 0x00000000e5500000, 0x00000000e5500000| Untracked 
|  86|0x00000000e5600000, 0x00000000e5600000, 0x00000000e5700000|  0%| F|  |TAMS 0x00000000e5600000, 0x00000000e5600000| Untracked 
|  87|0x00000000e5700000, 0x00000000e5700000, 0x00000000e5800000|  0%| F|  |TAMS 0x00000000e5700000, 0x00000000e5700000| Untracked 
|  88|0x00000000e5800000, 0x00000000e5800000, 0x00000000e5900000|  0%| F|  |TAMS 0x00000000e5800000, 0x00000000e5800000| Untracked 
|  89|0x00000000e5900000, 0x00000000e5900000, 0x00000000e5a00000|  0%| F|  |TAMS 0x00000000e5900000, 0x00000000e5900000| Untracked 
|  90|0x00000000e5a00000, 0x00000000e5a00000, 0x00000000e5b00000|  0%| F|  |TAMS 0x00000000e5a00000, 0x00000000e5a00000| Untracked 
|  91|0x00000000e5b00000, 0x00000000e5b00000, 0x00000000e5c00000|  0%| F|  |TAMS 0x00000000e5b00000, 0x00000000e5b00000| Untracked 
|  92|0x00000000e5c00000, 0x00000000e5c00000, 0x00000000e5d00000|  0%| F|  |TAMS 0x00000000e5c00000, 0x00000000e5c00000| Untracked 
|  93|0x00000000e5d00000, 0x00000000e5d00000, 0x00000000e5e00000|  0%| F|  |TAMS 0x00000000e5d00000, 0x00000000e5d00000| Untracked 
|  94|0x00000000e5e00000, 0x00000000e5e00000, 0x00000000e5f00000|  0%| F|  |TAMS 0x00000000e5e00000, 0x00000000e5e00000| Untracked 
|  95|0x00000000e5f00000, 0x00000000e5f00000, 0x00000000e6000000|  0%| F|  |TAMS 0x00000000e5f00000, 0x00000000e5f00000| Untracked 
|  96|0x00000000e6000000, 0x00000000e6000000, 0x00000000e6100000|  0%| F|  |TAMS 0x00000000e6000000, 0x00000000e6000000| Untracked 
|  97|0x00000000e6100000, 0x00000000e6100000, 0x00000000e6200000|  0%| F|  |TAMS 0x00000000e6100000, 0x00000000e6100000| Untracked 
|  98|0x00000000e6200000, 0x00000000e6200000, 0x00000000e6300000|  0%| F|  |TAMS 0x00000000e6200000, 0x00000000e6200000| Untracked 
|  99|0x00000000e6300000, 0x00000000e6300000, 0x00000000e6400000|  0%| F|  |TAMS 0x00000000e6300000, 0x00000000e6300000| Untracked 
| 100|0x00000000e6400000, 0x00000000e6400000, 0x00000000e6500000|  0%| F|  |TAMS 0x00000000e6400000, 0x00000000e6400000| Untracked 
| 101|0x00000000e6500000, 0x00000000e6500000, 0x00000000e6600000|  0%| F|  |TAMS 0x00000000e6500000, 0x00000000e6500000| Untracked 
| 102|0x00000000e6600000, 0x00000000e6600000, 0x00000000e6700000|  0%| F|  |TAMS 0x00000000e6600000, 0x00000000e6600000| Untracked 
| 103|0x00000000e6700000, 0x00000000e6700000, 0x00000000e6800000|  0%| F|  |TAMS 0x00000000e6700000, 0x00000000e6700000| Untracked 
| 104|0x00000000e6800000, 0x00000000e6800000, 0x00000000e6900000|  0%| F|  |TAMS 0x00000000e6800000, 0x00000000e6800000| Untracked 
| 105|0x00000000e6900000, 0x00000000e6900000, 0x00000000e6a00000|  0%| F|  |TAMS 0x00000000e6900000, 0x00000000e6900000| Untracked 
| 106|0x00000000e6a00000, 0x00000000e6a00000, 0x00000000e6b00000|  0%| F|  |TAMS 0x00000000e6a00000, 0x00000000e6a00000| Untracked 
| 107|0x00000000e6b00000, 0x00000000e6b00000, 0x00000000e6c00000|  0%| F|  |TAMS 0x00000000e6b00000, 0x00000000e6b00000| Untracked 
| 108|0x00000000e6c00000, 0x00000000e6c00000, 0x00000000e6d00000|  0%| F|  |TAMS 0x00000000e6c00000, 0x00000000e6c00000| Untracked 
| 109|0x00000000e6d00000, 0x00000000e6d00000, 0x00000000e6e00000|  0%| F|  |TAMS 0x00000000e6d00000, 0x00000000e6d00000| Untracked 
| 110|0x00000000e6e00000, 0x00000000e6e00000, 0x00000000e6f00000|  0%| F|  |TAMS 0x00000000e6e00000, 0x00000000e6e00000| Untracked 
| 111|0x00000000e6f00000, 0x00000000e6f00000, 0x00000000e7000000|  0%| F|  |TAMS 0x00000000e6f00000, 0x00000000e6f00000| Untracked 
| 112|0x00000000e7000000, 0x00000000e7000000, 0x00000000e7100000|  0%| F|  |TAMS 0x00000000e7000000, 0x00000000e7000000| Untracked 
| 113|0x00000000e7100000, 0x00000000e7100000, 0x00000000e7200000|  0%| F|  |TAMS 0x00000000e7100000, 0x00000000e7100000| Untracked 
| 114|0x00000000e7200000, 0x00000000e7200000, 0x00000000e7300000|  0%| F|  |TAMS 0x00000000e7200000, 0x00000000e7200000| Untracked 
| 115|0x00000000e7300000, 0x00000000e7300000, 0x00000000e7400000|  0%| F|  |TAMS 0x00000000e7300000, 0x00000000e7300000| Untracked 
| 116|0x00000000e7400000, 0x00000000e7400000, 0x00000000e7500000|  0%| F|  |TAMS 0x00000000e7400000, 0x00000000e7400000| Untracked 
| 117|0x00000000e7500000, 0x00000000e7500000, 0x00000000e7600000|  0%| F|  |TAMS 0x00000000e7500000, 0x00000000e7500000| Untracked 
| 118|0x00000000e7600000, 0x00000000e7600000, 0x00000000e7700000|  0%| F|  |TAMS 0x00000000e7600000, 0x00000000e7600000| Untracked 
| 119|0x00000000e7700000, 0x00000000e7700000, 0x00000000e7800000|  0%| F|  |TAMS 0x00000000e7700000, 0x00000000e7700000| Untracked 
| 120|0x00000000e7800000, 0x00000000e7800000, 0x00000000e7900000|  0%| F|  |TAMS 0x00000000e7800000, 0x00000000e7800000| Untracked 
| 121|0x00000000e7900000, 0x00000000e7900000, 0x00000000e7a00000|  0%| F|  |TAMS 0x00000000e7900000, 0x00000000e7900000| Untracked 
| 122|0x00000000e7a00000, 0x00000000e7a00000, 0x00000000e7b00000|  0%| F|  |TAMS 0x00000000e7a00000, 0x00000000e7a00000| Untracked 
| 123|0x00000000e7b00000, 0x00000000e7b00000, 0x00000000e7c00000|  0%| F|  |TAMS 0x00000000e7b00000, 0x00000000e7b00000| Untracked 
| 124|0x00000000e7c00000, 0x00000000e7c00000, 0x00000000e7d00000|  0%| F|  |TAMS 0x00000000e7c00000, 0x00000000e7c00000| Untracked 
| 125|0x00000000e7d00000, 0x00000000e7d00000, 0x00000000e7e00000|  0%| F|  |TAMS 0x00000000e7d00000, 0x00000000e7d00000| Untracked 
| 126|0x00000000e7e00000, 0x00000000e7e00000, 0x00000000e7f00000|  0%| F|  |TAMS 0x00000000e7e00000, 0x00000000e7e00000| Untracked 
| 127|0x00000000e7f00000, 0x00000000e7f00000, 0x00000000e8000000|  0%| F|  |TAMS 0x00000000e7f00000, 0x00000000e7f00000| Untracked 
| 128|0x00000000e8000000, 0x00000000e8000000, 0x00000000e8100000|  0%| F|  |TAMS 0x00000000e8000000, 0x00000000e8000000| Untracked 
| 129|0x00000000e8100000, 0x00000000e8100000, 0x00000000e8200000|  0%| F|  |TAMS 0x00000000e8100000, 0x00000000e8100000| Untracked 
| 130|0x00000000e8200000, 0x00000000e8200000, 0x00000000e8300000|  0%| F|  |TAMS 0x00000000e8200000, 0x00000000e8200000| Untracked 
| 131|0x00000000e8300000, 0x00000000e8300000, 0x00000000e8400000|  0%| F|  |TAMS 0x00000000e8300000, 0x00000000e8300000| Untracked 
| 132|0x00000000e8400000, 0x00000000e8400000, 0x00000000e8500000|  0%| F|  |TAMS 0x00000000e8400000, 0x00000000e8400000| Untracked 
| 133|0x00000000e8500000, 0x00000000e8500000, 0x00000000e8600000|  0%| F|  |TAMS 0x00000000e8500000, 0x00000000e8500000| Untracked 
| 134|0x00000000e8600000, 0x00000000e8600000, 0x00000000e8700000|  0%| F|  |TAMS 0x00000000e8600000, 0x00000000e8600000| Untracked 
| 135|0x00000000e8700000, 0x00000000e8700000, 0x00000000e8800000|  0%| F|  |TAMS 0x00000000e8700000, 0x00000000e8700000| Untracked 
| 136|0x00000000e8800000, 0x00000000e8800000, 0x00000000e8900000|  0%| F|  |TAMS 0x00000000e8800000, 0x00000000e8800000| Untracked 
| 137|0x00000000e8900000, 0x00000000e8900000, 0x00000000e8a00000|  0%| F|  |TAMS 0x00000000e8900000, 0x00000000e8900000| Untracked 
| 138|0x00000000e8a00000, 0x00000000e8a00000, 0x00000000e8b00000|  0%| F|  |TAMS 0x00000000e8a00000, 0x00000000e8a00000| Untracked 
| 139|0x00000000e8b00000, 0x00000000e8b00000, 0x00000000e8c00000|  0%| F|  |TAMS 0x00000000e8b00000, 0x00000000e8b00000| Untracked 
| 140|0x00000000e8c00000, 0x00000000e8c00000, 0x00000000e8d00000|  0%| F|  |TAMS 0x00000000e8c00000, 0x00000000e8c00000| Untracked 
| 141|0x00000000e8d00000, 0x00000000e8d00000, 0x00000000e8e00000|  0%| F|  |TAMS 0x00000000e8d00000, 0x00000000e8d00000| Untracked 
| 142|0x00000000e8e00000, 0x00000000e8e00000, 0x00000000e8f00000|  0%| F|  |TAMS 0x00000000e8e00000, 0x00000000e8e00000| Untracked 
| 143|0x00000000e8f00000, 0x00000000e8f00000, 0x00000000e9000000|  0%| F|  |TAMS 0x00000000e8f00000, 0x00000000e8f00000| Untracked 
| 144|0x00000000e9000000, 0x00000000e9000000, 0x00000000e9100000|  0%| F|  |TAMS 0x00000000e9000000, 0x00000000e9000000| Untracked 
| 145|0x00000000e9100000, 0x00000000e9100000, 0x00000000e9200000|  0%| F|  |TAMS 0x00000000e9100000, 0x00000000e9100000| Untracked 
| 146|0x00000000e9200000, 0x00000000e9200000, 0x00000000e9300000|  0%| F|  |TAMS 0x00000000e9200000, 0x00000000e9200000| Untracked 
| 147|0x00000000e9300000, 0x00000000e9300000, 0x00000000e9400000|  0%| F|  |TAMS 0x00000000e9300000, 0x00000000e9300000| Untracked 
| 148|0x00000000e9400000, 0x00000000e9400000, 0x00000000e9500000|  0%| F|  |TAMS 0x00000000e9400000, 0x00000000e9400000| Untracked 
| 149|0x00000000e9500000, 0x00000000e9500000, 0x00000000e9600000|  0%| F|  |TAMS 0x00000000e9500000, 0x00000000e9500000| Untracked 
| 150|0x00000000e9600000, 0x00000000e9600000, 0x00000000e9700000|  0%| F|  |TAMS 0x00000000e9600000, 0x00000000e9600000| Untracked 
| 151|0x00000000e9700000, 0x00000000e9700000, 0x00000000e9800000|  0%| F|  |TAMS 0x00000000e9700000, 0x00000000e9700000| Untracked 
| 152|0x00000000e9800000, 0x00000000e9800000, 0x00000000e9900000|  0%| F|  |TAMS 0x00000000e9800000, 0x00000000e9800000| Untracked 
| 153|0x00000000e9900000, 0x00000000e9900000, 0x00000000e9a00000|  0%| F|  |TAMS 0x00000000e9900000, 0x00000000e9900000| Untracked 
| 154|0x00000000e9a00000, 0x00000000e9a00000, 0x00000000e9b00000|  0%| F|  |TAMS 0x00000000e9a00000, 0x00000000e9a00000| Untracked 
| 155|0x00000000e9b00000, 0x00000000e9b00000, 0x00000000e9c00000|  0%| F|  |TAMS 0x00000000e9b00000, 0x00000000e9b00000| Untracked 
| 156|0x00000000e9c00000, 0x00000000e9c00000, 0x00000000e9d00000|  0%| F|  |TAMS 0x00000000e9c00000, 0x00000000e9c00000| Untracked 
| 157|0x00000000e9d00000, 0x00000000e9d00000, 0x00000000e9e00000|  0%| F|  |TAMS 0x00000000e9d00000, 0x00000000e9d00000| Untracked 
| 158|0x00000000e9e00000, 0x00000000e9e00000, 0x00000000e9f00000|  0%| F|  |TAMS 0x00000000e9e00000, 0x00000000e9e00000| Untracked 
| 159|0x00000000e9f00000, 0x00000000e9f00000, 0x00000000ea000000|  0%| F|  |TAMS 0x00000000e9f00000, 0x00000000e9f00000| Untracked 
| 160|0x00000000ea000000, 0x00000000ea000000, 0x00000000ea100000|  0%| F|  |TAMS 0x00000000ea000000, 0x00000000ea000000| Untracked 
| 161|0x00000000ea100000, 0x00000000ea100000, 0x00000000ea200000|  0%| F|  |TAMS 0x00000000ea100000, 0x00000000ea100000| Untracked 
| 162|0x00000000ea200000, 0x00000000ea200000, 0x00000000ea300000|  0%| F|  |TAMS 0x00000000ea200000, 0x00000000ea200000| Untracked 
| 163|0x00000000ea300000, 0x00000000ea300000, 0x00000000ea400000|  0%| F|  |TAMS 0x00000000ea300000, 0x00000000ea300000| Untracked 
| 164|0x00000000ea400000, 0x00000000ea400000, 0x00000000ea500000|  0%| F|  |TAMS 0x00000000ea400000, 0x00000000ea400000| Untracked 
| 165|0x00000000ea500000, 0x00000000ea500000, 0x00000000ea600000|  0%| F|  |TAMS 0x00000000ea500000, 0x00000000ea500000| Untracked 
| 166|0x00000000ea600000, 0x00000000ea600000, 0x00000000ea700000|  0%| F|  |TAMS 0x00000000ea600000, 0x00000000ea600000| Untracked 
| 167|0x00000000ea700000, 0x00000000ea700000, 0x00000000ea800000|  0%| F|  |TAMS 0x00000000ea700000, 0x00000000ea700000| Untracked 
| 168|0x00000000ea800000, 0x00000000ea800000, 0x00000000ea900000|  0%| F|  |TAMS 0x00000000ea800000, 0x00000000ea800000| Untracked 
| 169|0x00000000ea900000, 0x00000000ea900000, 0x00000000eaa00000|  0%| F|  |TAMS 0x00000000ea900000, 0x00000000ea900000| Untracked 
| 170|0x00000000eaa00000, 0x00000000eaa00000, 0x00000000eab00000|  0%| F|  |TAMS 0x00000000eaa00000, 0x00000000eaa00000| Untracked 
| 171|0x00000000eab00000, 0x00000000eab00000, 0x00000000eac00000|  0%| F|  |TAMS 0x00000000eab00000, 0x00000000eab00000| Untracked 
| 172|0x00000000eac00000, 0x00000000eac00000, 0x00000000ead00000|  0%| F|  |TAMS 0x00000000eac00000, 0x00000000eac00000| Untracked 
| 173|0x00000000ead00000, 0x00000000ead00000, 0x00000000eae00000|  0%| F|  |TAMS 0x00000000ead00000, 0x00000000ead00000| Untracked 
| 174|0x00000000eae00000, 0x00000000eae00000, 0x00000000eaf00000|  0%| F|  |TAMS 0x00000000eae00000, 0x00000000eae00000| Untracked 
| 175|0x00000000eaf00000, 0x00000000eaf00000, 0x00000000eb000000|  0%| F|  |TAMS 0x00000000eaf00000, 0x00000000eaf00000| Untracked 
| 176|0x00000000eb000000, 0x00000000eb000000, 0x00000000eb100000|  0%| F|  |TAMS 0x00000000eb000000, 0x00000000eb000000| Untracked 
| 177|0x00000000eb100000, 0x00000000eb100000, 0x00000000eb200000|  0%| F|  |TAMS 0x00000000eb100000, 0x00000000eb100000| Untracked 
| 178|0x00000000eb200000, 0x00000000eb200000, 0x00000000eb300000|  0%| F|  |TAMS 0x00000000eb200000, 0x00000000eb200000| Untracked 
| 179|0x00000000eb300000, 0x00000000eb300000, 0x00000000eb400000|  0%| F|  |TAMS 0x00000000eb300000, 0x00000000eb300000| Untracked 
| 180|0x00000000eb400000, 0x00000000eb400000, 0x00000000eb500000|  0%| F|  |TAMS 0x00000000eb400000, 0x00000000eb400000| Untracked 
| 181|0x00000000eb500000, 0x00000000eb500000, 0x00000000eb600000|  0%| F|  |TAMS 0x00000000eb500000, 0x00000000eb500000| Untracked 
| 182|0x00000000eb600000, 0x00000000eb600000, 0x00000000eb700000|  0%| F|  |TAMS 0x00000000eb600000, 0x00000000eb600000| Untracked 
| 183|0x00000000eb700000, 0x00000000eb700000, 0x00000000eb800000|  0%| F|  |TAMS 0x00000000eb700000, 0x00000000eb700000| Untracked 
| 184|0x00000000eb800000, 0x00000000eb800000, 0x00000000eb900000|  0%| F|  |TAMS 0x00000000eb800000, 0x00000000eb800000| Untracked 
| 185|0x00000000eb900000, 0x00000000eb900000, 0x00000000eba00000|  0%| F|  |TAMS 0x00000000eb900000, 0x00000000eb900000| Untracked 
| 186|0x00000000eba00000, 0x00000000eba00000, 0x00000000ebb00000|  0%| F|  |TAMS 0x00000000eba00000, 0x00000000eba00000| Untracked 
| 187|0x00000000ebb00000, 0x00000000ebb00000, 0x00000000ebc00000|  0%| F|  |TAMS 0x00000000ebb00000, 0x00000000ebb00000| Untracked 
| 188|0x00000000ebc00000, 0x00000000ebc00000, 0x00000000ebd00000|  0%| F|  |TAMS 0x00000000ebc00000, 0x00000000ebc00000| Untracked 
| 189|0x00000000ebd00000, 0x00000000ebd00000, 0x00000000ebe00000|  0%| F|  |TAMS 0x00000000ebd00000, 0x00000000ebd00000| Untracked 
| 190|0x00000000ebe00000, 0x00000000ebe00000, 0x00000000ebf00000|  0%| F|  |TAMS 0x00000000ebe00000, 0x00000000ebe00000| Untracked 
| 191|0x00000000ebf00000, 0x00000000ebf00000, 0x00000000ec000000|  0%| F|  |TAMS 0x00000000ebf00000, 0x00000000ebf00000| Untracked 
| 192|0x00000000ec000000, 0x00000000ec000000, 0x00000000ec100000|  0%| F|  |TAMS 0x00000000ec000000, 0x00000000ec000000| Untracked 
| 193|0x00000000ec100000, 0x00000000ec100000, 0x00000000ec200000|  0%| F|  |TAMS 0x00000000ec100000, 0x00000000ec100000| Untracked 
| 194|0x00000000ec200000, 0x00000000ec200000, 0x00000000ec300000|  0%| F|  |TAMS 0x00000000ec200000, 0x00000000ec200000| Untracked 
| 195|0x00000000ec300000, 0x00000000ec300000, 0x00000000ec400000|  0%| F|  |TAMS 0x00000000ec300000, 0x00000000ec300000| Untracked 
| 196|0x00000000ec400000, 0x00000000ec400000, 0x00000000ec500000|  0%| F|  |TAMS 0x00000000ec400000, 0x00000000ec400000| Untracked 
| 197|0x00000000ec500000, 0x00000000ec500000, 0x00000000ec600000|  0%| F|  |TAMS 0x00000000ec500000, 0x00000000ec500000| Untracked 
| 198|0x00000000ec600000, 0x00000000ec600000, 0x00000000ec700000|  0%| F|  |TAMS 0x00000000ec600000, 0x00000000ec600000| Untracked 
| 199|0x00000000ec700000, 0x00000000ec700000, 0x00000000ec800000|  0%| F|  |TAMS 0x00000000ec700000, 0x00000000ec700000| Untracked 
| 200|0x00000000ec800000, 0x00000000ec800000, 0x00000000ec900000|  0%| F|  |TAMS 0x00000000ec800000, 0x00000000ec800000| Untracked 
| 201|0x00000000ec900000, 0x00000000ec900000, 0x00000000eca00000|  0%| F|  |TAMS 0x00000000ec900000, 0x00000000ec900000| Untracked 
| 202|0x00000000eca00000, 0x00000000eca00000, 0x00000000ecb00000|  0%| F|  |TAMS 0x00000000eca00000, 0x00000000eca00000| Untracked 
| 203|0x00000000ecb00000, 0x00000000ecb00000, 0x00000000ecc00000|  0%| F|  |TAMS 0x00000000ecb00000, 0x00000000ecb00000| Untracked 
| 204|0x00000000ecc00000, 0x00000000ecc00000, 0x00000000ecd00000|  0%| F|  |TAMS 0x00000000ecc00000, 0x00000000ecc00000| Untracked 
| 205|0x00000000ecd00000, 0x00000000ecdc6080, 0x00000000ece00000| 77%| S|CS|TAMS 0x00000000ecd00000, 0x00000000ecd00000| Complete 
| 206|0x00000000ece00000, 0x00000000ecf00000, 0x00000000ecf00000|100%| S|CS|TAMS 0x00000000ece00000, 0x00000000ece00000| Complete 
| 207|0x00000000ecf00000, 0x00000000ed000000, 0x00000000ed000000|100%| S|CS|TAMS 0x00000000ecf00000, 0x00000000ecf00000| Complete 
| 208|0x00000000ed000000, 0x00000000ed100000, 0x00000000ed100000|100%| S|CS|TAMS 0x00000000ed000000, 0x00000000ed000000| Complete 
| 209|0x00000000ed100000, 0x00000000ed200000, 0x00000000ed200000|100%| S|CS|TAMS 0x00000000ed100000, 0x00000000ed100000| Complete 
| 210|0x00000000ed200000, 0x00000000ed200000, 0x00000000ed300000|  0%| F|  |TAMS 0x00000000ed200000, 0x00000000ed200000| Untracked 
| 211|0x00000000ed300000, 0x00000000ed300000, 0x00000000ed400000|  0%| F|  |TAMS 0x00000000ed300000, 0x00000000ed300000| Untracked 
| 212|0x00000000ed400000, 0x00000000ed400000, 0x00000000ed500000|  0%| F|  |TAMS 0x00000000ed400000, 0x00000000ed400000| Untracked 
| 213|0x00000000ed500000, 0x00000000ed500000, 0x00000000ed600000|  0%| F|  |TAMS 0x00000000ed500000, 0x00000000ed500000| Untracked 
| 214|0x00000000ed600000, 0x00000000ed600000, 0x00000000ed700000|  0%| F|  |TAMS 0x00000000ed600000, 0x00000000ed600000| Untracked 
| 215|0x00000000ed700000, 0x00000000ed700000, 0x00000000ed800000|  0%| F|  |TAMS 0x00000000ed700000, 0x00000000ed700000| Untracked 
| 216|0x00000000ed800000, 0x00000000ed800000, 0x00000000ed900000|  0%| F|  |TAMS 0x00000000ed800000, 0x00000000ed800000| Untracked 
| 217|0x00000000ed900000, 0x00000000ed900000, 0x00000000eda00000|  0%| F|  |TAMS 0x00000000ed900000, 0x00000000ed900000| Untracked 
| 218|0x00000000eda00000, 0x00000000eda00000, 0x00000000edb00000|  0%| F|  |TAMS 0x00000000eda00000, 0x00000000eda00000| Untracked 
| 219|0x00000000edb00000, 0x00000000edb00000, 0x00000000edc00000|  0%| F|  |TAMS 0x00000000edb00000, 0x00000000edb00000| Untracked 
| 220|0x00000000edc00000, 0x00000000edc00000, 0x00000000edd00000|  0%| F|  |TAMS 0x00000000edc00000, 0x00000000edc00000| Untracked 
| 221|0x00000000edd00000, 0x00000000edd00000, 0x00000000ede00000|  0%| F|  |TAMS 0x00000000edd00000, 0x00000000edd00000| Untracked 
| 222|0x00000000ede00000, 0x00000000ede00000, 0x00000000edf00000|  0%| F|  |TAMS 0x00000000ede00000, 0x00000000ede00000| Untracked 
| 223|0x00000000edf00000, 0x00000000edf00000, 0x00000000ee000000|  0%| F|  |TAMS 0x00000000edf00000, 0x00000000edf00000| Untracked 
| 224|0x00000000ee000000, 0x00000000ee000000, 0x00000000ee100000|  0%| F|  |TAMS 0x00000000ee000000, 0x00000000ee000000| Untracked 
| 225|0x00000000ee100000, 0x00000000ee100000, 0x00000000ee200000|  0%| F|  |TAMS 0x00000000ee100000, 0x00000000ee100000| Untracked 
| 226|0x00000000ee200000, 0x00000000ee200000, 0x00000000ee300000|  0%| F|  |TAMS 0x00000000ee200000, 0x00000000ee200000| Untracked 
| 227|0x00000000ee300000, 0x00000000ee36b770, 0x00000000ee400000| 41%| E|  |TAMS 0x00000000ee300000, 0x00000000ee300000| Complete 
| 228|0x00000000ee400000, 0x00000000ee500000, 0x00000000ee500000|100%| E|CS|TAMS 0x00000000ee400000, 0x00000000ee400000| Complete 
| 229|0x00000000ee500000, 0x00000000ee600000, 0x00000000ee600000|100%| E|CS|TAMS 0x00000000ee500000, 0x00000000ee500000| Complete 
| 230|0x00000000ee600000, 0x00000000ee700000, 0x00000000ee700000|100%| E|CS|TAMS 0x00000000ee600000, 0x00000000ee600000| Complete 
| 231|0x00000000ee700000, 0x00000000ee800000, 0x00000000ee800000|100%| E|CS|TAMS 0x00000000ee700000, 0x00000000ee700000| Complete 
| 232|0x00000000ee800000, 0x00000000ee900000, 0x00000000ee900000|100%| E|CS|TAMS 0x00000000ee800000, 0x00000000ee800000| Complete 
| 233|0x00000000ee900000, 0x00000000eea00000, 0x00000000eea00000|100%| E|CS|TAMS 0x00000000ee900000, 0x00000000ee900000| Complete 
| 234|0x00000000eea00000, 0x00000000eeb00000, 0x00000000eeb00000|100%| E|CS|TAMS 0x00000000eea00000, 0x00000000eea00000| Complete 
| 235|0x00000000eeb00000, 0x00000000eec00000, 0x00000000eec00000|100%| E|CS|TAMS 0x00000000eeb00000, 0x00000000eeb00000| Complete 
| 236|0x00000000eec00000, 0x00000000eed00000, 0x00000000eed00000|100%| E|CS|TAMS 0x00000000eec00000, 0x00000000eec00000| Complete 
| 237|0x00000000eed00000, 0x00000000eee00000, 0x00000000eee00000|100%| E|CS|TAMS 0x00000000eed00000, 0x00000000eed00000| Complete 
| 238|0x00000000eee00000, 0x00000000eef00000, 0x00000000eef00000|100%| E|CS|TAMS 0x00000000eee00000, 0x00000000eee00000| Complete 
| 239|0x00000000eef00000, 0x00000000ef000000, 0x00000000ef000000|100%| E|CS|TAMS 0x00000000eef00000, 0x00000000eef00000| Complete 
| 240|0x00000000ef000000, 0x00000000ef100000, 0x00000000ef100000|100%| E|CS|TAMS 0x00000000ef000000, 0x00000000ef000000| Complete 
| 241|0x00000000ef100000, 0x00000000ef200000, 0x00000000ef200000|100%| E|CS|TAMS 0x00000000ef100000, 0x00000000ef100000| Complete 
| 242|0x00000000ef200000, 0x00000000ef300000, 0x00000000ef300000|100%| E|CS|TAMS 0x00000000ef200000, 0x00000000ef200000| Complete 
| 243|0x00000000ef300000, 0x00000000ef400000, 0x00000000ef400000|100%| E|CS|TAMS 0x00000000ef300000, 0x00000000ef300000| Complete 
| 244|0x00000000ef400000, 0x00000000ef500000, 0x00000000ef500000|100%| E|CS|TAMS 0x00000000ef400000, 0x00000000ef400000| Complete 
| 245|0x00000000ef500000, 0x00000000ef600000, 0x00000000ef600000|100%| E|CS|TAMS 0x00000000ef500000, 0x00000000ef500000| Complete 
| 246|0x00000000ef600000, 0x00000000ef700000, 0x00000000ef700000|100%| E|CS|TAMS 0x00000000ef600000, 0x00000000ef600000| Complete 
| 247|0x00000000ef700000, 0x00000000ef800000, 0x00000000ef800000|100%| E|CS|TAMS 0x00000000ef700000, 0x00000000ef700000| Complete 
| 248|0x00000000ef800000, 0x00000000ef900000, 0x00000000ef900000|100%| E|CS|TAMS 0x00000000ef800000, 0x00000000ef800000| Complete 
| 249|0x00000000ef900000, 0x00000000efa00000, 0x00000000efa00000|100%| E|CS|TAMS 0x00000000ef900000, 0x00000000ef900000| Complete 
| 250|0x00000000efa00000, 0x00000000efb00000, 0x00000000efb00000|100%| E|  |TAMS 0x00000000efa00000, 0x00000000efa00000| Complete 
| 251|0x00000000efb00000, 0x00000000efc00000, 0x00000000efc00000|100%| E|CS|TAMS 0x00000000efb00000, 0x00000000efb00000| Complete 
| 252|0x00000000efc00000, 0x00000000efd00000, 0x00000000efd00000|100%| E|CS|TAMS 0x00000000efc00000, 0x00000000efc00000| Complete 
| 253|0x00000000efd00000, 0x00000000efe00000, 0x00000000efe00000|100%| E|CS|TAMS 0x00000000efd00000, 0x00000000efd00000| Complete 
| 254|0x00000000efe00000, 0x00000000eff00000, 0x00000000eff00000|100%| E|CS|TAMS 0x00000000efe00000, 0x00000000efe00000| Complete 
| 255|0x00000000eff00000, 0x00000000f0000000, 0x00000000f0000000|100%| E|CS|TAMS 0x00000000eff00000, 0x00000000eff00000| Complete 

Card table byte_map: [0x0000021f4add0000,0x0000021f4aed0000] _byte_map_base: 0x0000021f4a6d0000

Marking Bits (Prev, Next): (CMBitMap*) 0x0000021f323da0a0, (CMBitMap*) 0x0000021f323da060
 Prev Bits: [0x0000021f4b7d0000, 0x0000021f4bfd0000)
 Next Bits: [0x0000021f4afd0000, 0x0000021f4b7d0000)

Polling page: 0x0000021f3b680000

Metaspace:

Usage:
  Non-class:     52.30 MB used.
      Class:      8.59 MB used.
       Both:     60.89 MB used.

Virtual space:
  Non-class space:       64.00 MB reserved,      52.62 MB ( 82%) committed,  1 nodes.
      Class space:      320.00 MB reserved,       8.88 MB (  3%) committed,  1 nodes.
             Both:      384.00 MB reserved,      61.50 MB ( 16%) committed. 

Chunk freelists:
   Non-Class:  11.21 MB
       Class:  7.07 MB
        Both:  18.28 MB

MaxMetaspaceSize: 384.00 MB
CompressedClassSpaceSize: 320.00 MB
Initial GC threshold: 21.00 MB
Current GC threshold: 99.19 MB
CDS: on
MetaspaceReclaimPolicy: balanced
 - commit_granule_bytes: 65536.
 - commit_granule_words: 8192.
 - virtual_space_node_default_size: 8388608.
 - enlarge_chunks_in_place: 1.
 - new_chunks_are_fully_committed: 0.
 - uncommit_free_chunks: 1.
 - use_allocation_guard: 0.
 - handle_deallocations: 1.


Internal statistics:

num_allocs_failed_limit: 9.
num_arena_births: 758.
num_arena_deaths: 0.
num_vsnodes_births: 2.
num_vsnodes_deaths: 0.
num_space_committed: 984.
num_space_uncommitted: 0.
num_chunks_returned_to_freelist: 9.
num_chunks_taken_from_freelist: 3187.
num_chunk_merges: 9.
num_chunk_splits: 2169.
num_chunks_enlarged: 1489.
num_inconsistent_stats: 0.

CodeHeap 'non-profiled nmethods': size=120000Kb used=3583Kb max_used=3583Kb free=116416Kb
 bounds [0x0000021f43170000, 0x0000021f434f0000, 0x0000021f4a6a0000]
CodeHeap 'profiled nmethods': size=120000Kb used=12349Kb max_used=12349Kb free=107650Kb
 bounds [0x0000021f3b6a0000, 0x0000021f3c2b0000, 0x0000021f42bd0000]
CodeHeap 'non-nmethods': size=5760Kb used=2351Kb max_used=2451Kb free=3408Kb
 bounds [0x0000021f42bd0000, 0x0000021f42e60000, 0x0000021f43170000]
 total_blobs=7026 nmethods=6150 adapters=788
 compilation: disabled (not enough contiguous free space left)
              stopped_count=1, restarted_count=0
 full_count=1

Compilation events (20 events):
Event: 818.210 Thread 0x0000021f4e5c9670 nmethod 6929 0x0000021f3c2aa390 code [0x0000021f3c2aa580, 0x0000021f3c2aaba8]
Event: 818.210 Thread 0x0000021f4e5c9670 6927       3       java.util.concurrent.LinkedBlockingDeque::removeFirst (19 bytes)
Event: 818.211 Thread 0x0000021f4e5c9670 nmethod 6927 0x0000021f3c2aad90 code [0x0000021f3c2aafe0, 0x0000021f3c2aba98]
Event: 818.211 Thread 0x0000021f4e5c9670 6938       3       sun.management.ManagementFactoryHelper::getMemoryPoolMXBeans (51 bytes)
Event: 818.211 Thread 0x0000021f4e5c9670 nmethod 6938 0x0000021f3c2abe90 code [0x0000021f3c2ac0a0, 0x0000021f3c2ac968]
Event: 818.211 Thread 0x0000021f4e5c9670 6937       3       java.lang.management.DefaultPlatformMBeanProvider$6::nameToMBeanMap (85 bytes)
Event: 818.213 Thread 0x0000021f4e5c9670 nmethod 6937 0x0000021f434eb010 code [0x0000021f434eb4e0, 0x0000021f434edbb8]
Event: 818.213 Thread 0x0000021f4e5c9670 6933   !   3       java.util.concurrent.ScheduledThreadPoolExecutor$DelayedWorkQueue::offer (123 bytes)
Event: 818.214 Thread 0x0000021f4e5c9670 nmethod 6933 0x0000021f3c2acd10 code [0x0000021f3c2ad000, 0x0000021f3c2ae478]
Event: 818.214 Thread 0x0000021f4e5c9670 6941       3       java.util.concurrent.ScheduledThreadPoolExecutor$ScheduledFutureTask::setNextRunTime (38 bytes)
Event: 818.214 Thread 0x0000021f4e5c9670 nmethod 6941 0x0000021f3c2aec90 code [0x0000021f3c2aee40, 0x0000021f3c2af068]
Event: 818.214 Thread 0x0000021f4e5c9670 6934       3       java.util.stream.ReferencePipeline$7::opWrapSink (10 bytes)
Event: 818.214 Thread 0x0000021f4e5c9670 nmethod 6934 0x0000021f3c2af190 code [0x0000021f3c2af380, 0x0000021f3c2af948]
Event: 818.214 Thread 0x0000021f4e5c9670 6935       3       java.util.stream.ReferencePipeline$7$1::<init> (11 bytes)
Event: 818.215 Thread 0x0000021f4e5c9670 nmethod 6935 0x0000021f434eee10 code [0x0000021f434eefe0, 0x0000021f434ef4e8]
Event: 818.215 Thread 0x0000021f4e5c9670 6936       3       java.util.stream.ReferencePipeline$7$1::begin (13 bytes)
Event: 818.215 Thread 0x0000021f4e5c9670 nmethod 6936 0x0000021f3c2afb10 code [0x0000021f3c2afcc0, 0x0000021f3c2afea8]
Event: 818.215 Thread 0x0000021f4e5c9670 6939  s    3       sun.management.MemoryImpl::getMemoryPools (16 bytes)
Event: 818.215 Thread 0x0000021f4e5c9670 nmethod 6939 0x0000021f434efa90 code [0x0000021f434efc40, 0x0000021f434efec8]
Event: 818.215 Thread 0x0000021f4e5c9670 6940       3       java.lang.management.MemoryUsage::<init> (170 bytes)

GC Heap History (18 events):
Event: 1.001 GC heap before
{Heap before GC invocations=0 (full 0):
 garbage-first heap   total 262144K, used 12288K [0x00000000e0000000, 0x0000000100000000)
  region size 1024K, 13 young (13312K), 0 survivors (0K)
 Metaspace       used 1048K, committed 1152K, reserved 393216K
  class space    used 83K, committed 128K, reserved 327680K
}
Event: 1.007 GC heap after
{Heap after GC invocations=1 (full 0):
 garbage-first heap   total 262144K, used 3472K [0x00000000e0000000, 0x0000000100000000)
  region size 1024K, 2 young (2048K), 2 survivors (2048K)
 Metaspace       used 1048K, committed 1152K, reserved 393216K
  class space    used 83K, committed 128K, reserved 327680K
}
Event: 1.920 GC heap before
{Heap before GC invocations=1 (full 0):
 garbage-first heap   total 262144K, used 21904K [0x00000000e0000000, 0x0000000100000000)
  region size 1024K, 17 young (17408K), 2 survivors (2048K)
 Metaspace       used 3895K, committed 4096K, reserved 393216K
  class space    used 490K, committed 576K, reserved 327680K
}
Event: 1.926 GC heap after
{Heap after GC invocations=2 (full 0):
 garbage-first heap   total 262144K, used 10632K [0x00000000e0000000, 0x0000000100000000)
  region size 1024K, 3 young (3072K), 3 survivors (3072K)
 Metaspace       used 3895K, committed 4096K, reserved 393216K
  class space    used 490K, committed 576K, reserved 327680K
}
Event: 2.626 GC heap before
{Heap before GC invocations=2 (full 0):
 garbage-first heap   total 262144K, used 31112K [0x00000000e0000000, 0x0000000100000000)
  region size 1024K, 24 young (24576K), 3 survivors (3072K)
 Metaspace       used 4012K, committed 4160K, reserved 393216K
  class space    used 490K, committed 576K, reserved 327680K
}
Event: 2.632 GC heap after
{Heap after GC invocations=3 (full 0):
 garbage-first heap   total 262144K, used 11871K [0x00000000e0000000, 0x0000000100000000)
  region size 1024K, 2 young (2048K), 2 survivors (2048K)
 Metaspace       used 4012K, committed 4160K, reserved 393216K
  class space    used 490K, committed 576K, reserved 327680K
}
Event: 7.231 GC heap before
{Heap before GC invocations=3 (full 0):
 garbage-first heap   total 262144K, used 128607K [0x00000000e0000000, 0x0000000100000000)
  region size 1024K, 116 young (118784K), 2 survivors (2048K)
 Metaspace       used 21206K, committed 21504K, reserved 393216K
  class space    used 3159K, committed 3328K, reserved 327680K
}
Event: 7.249 GC heap after
{Heap after GC invocations=4 (full 0):
 garbage-first heap   total 262144K, used 22299K [0x00000000e0000000, 0x0000000100000000)
  region size 1024K, 12 young (12288K), 12 survivors (12288K)
 Metaspace       used 21206K, committed 21504K, reserved 393216K
  class space    used 3159K, committed 3328K, reserved 327680K
}
Event: 10.376 GC heap before
{Heap before GC invocations=5 (full 0):
 garbage-first heap   total 262144K, used 144155K [0x00000000e0000000, 0x0000000100000000)
  region size 1024K, 125 young (128000K), 12 survivors (12288K)
 Metaspace       used 35367K, committed 35840K, reserved 393216K
  class space    used 4864K, committed 5056K, reserved 327680K
}
Event: 10.405 GC heap after
{Heap after GC invocations=6 (full 0):
 garbage-first heap   total 262144K, used 31736K [0x00000000e0000000, 0x0000000100000000)
  region size 1024K, 10 young (10240K), 10 survivors (10240K)
 Metaspace       used 35367K, committed 35840K, reserved 393216K
  class space    used 4864K, committed 5056K, reserved 327680K
}
Event: 10.452 GC heap before
{Heap before GC invocations=6 (full 0):
 garbage-first heap   total 262144K, used 33784K [0x00000000e0000000, 0x0000000100000000)
  region size 1024K, 13 young (13312K), 10 survivors (10240K)
 Metaspace       used 35700K, committed 36096K, reserved 393216K
  class space    used 4910K, committed 5120K, reserved 327680K
}
Event: 10.466 GC heap after
{Heap after GC invocations=7 (full 0):
 garbage-first heap   total 262144K, used 31965K [0x00000000e0000000, 0x0000000100000000)
  region size 1024K, 2 young (2048K), 2 survivors (2048K)
 Metaspace       used 35700K, committed 36096K, reserved 393216K
  class space    used 4910K, committed 5120K, reserved 327680K
}
Event: 14.511 GC heap before
{Heap before GC invocations=8 (full 0):
 garbage-first heap   total 262144K, used 177373K [0x00000000e0000000, 0x0000000100000000)
  region size 1024K, 144 young (147456K), 2 survivors (2048K)
 Metaspace       used 50559K, committed 51136K, reserved 393216K
  class space    used 7121K, committed 7424K, reserved 327680K
}
Event: 14.531 GC heap after
{Heap after GC invocations=9 (full 0):
 garbage-first heap   total 262144K, used 39885K [0x00000000e0000000, 0x0000000100000000)
  region size 1024K, 10 young (10240K), 10 survivors (10240K)
 Metaspace       used 50559K, committed 51136K, reserved 393216K
  class space    used 7121K, committed 7424K, reserved 327680K
}
Event: 14.696 GC heap before
{Heap before GC invocations=9 (full 0):
 garbage-first heap   total 262144K, used 41933K [0x00000000e0000000, 0x0000000100000000)
  region size 1024K, 12 young (12288K), 10 survivors (10240K)
 Metaspace       used 50768K, committed 51264K, reserved 393216K
  class space    used 7158K, committed 7424K, reserved 327680K
}
Event: 14.717 GC heap after
{Heap after GC invocations=10 (full 0):
 garbage-first heap   total 262144K, used 41115K [0x00000000e0000000, 0x0000000100000000)
  region size 1024K, 2 young (2048K), 2 survivors (2048K)
 Metaspace       used 50768K, committed 51264K, reserved 393216K
  class space    used 7158K, committed 7424K, reserved 327680K
}
Event: 16.768 GC heap before
{Heap before GC invocations=10 (full 0):
 garbage-first heap   total 262144K, used 85147K [0x00000000e0000000, 0x0000000100000000)
  region size 1024K, 46 young (47104K), 2 survivors (2048K)
 Metaspace       used 60210K, committed 60736K, reserved 393216K
  class space    used 8488K, committed 8704K, reserved 327680K
}
Event: 16.785 GC heap after
{Heap after GC invocations=11 (full 0):
 garbage-first heap   total 262144K, used 44611K [0x00000000e0000000, 0x0000000100000000)
  region size 1024K, 5 young (5120K), 5 survivors (5120K)
 Metaspace       used 60210K, committed 60736K, reserved 393216K
  class space    used 8488K, committed 8704K, reserved 327680K
}

Dll operation events (14 events):
Event: 0.016 Loaded shared library C:\Users\laura\.jdks\temurin-17.0.9\bin\java.dll
Event: 0.052 Loaded shared library C:\Users\laura\.jdks\temurin-17.0.9\bin\jsvml.dll
Event: 0.186 Loaded shared library C:\Users\laura\.jdks\temurin-17.0.9\bin\zip.dll
Event: 0.205 Loaded shared library C:\Users\laura\.jdks\temurin-17.0.9\bin\instrument.dll
Event: 0.214 Loaded shared library C:\Users\laura\.jdks\temurin-17.0.9\bin\net.dll
Event: 0.218 Loaded shared library C:\Users\laura\.jdks\temurin-17.0.9\bin\nio.dll
Event: 0.225 Loaded shared library C:\Users\laura\.jdks\temurin-17.0.9\bin\zip.dll
Event: 0.719 Loaded shared library C:\Users\laura\.jdks\temurin-17.0.9\bin\jimage.dll
Event: 0.971 Loaded shared library C:\Users\laura\.jdks\temurin-17.0.9\bin\verify.dll
Event: 1.384 Loaded shared library C:\Users\laura\.gradle\native\68d5fa5c4cc2d200863cafc0d521ce42e7d3e7ee720ec0a83991735586a16f82\windows-amd64\native-platform.dll
Event: 1.399 Loaded shared library C:\Users\laura\.gradle\native\e376f236ea51e6404a007f0833ffe2c6e607c4080706a723a18a27aeea778392\windows-amd64\native-platform-file-events.dll
Event: 3.219 Loaded shared library C:\Users\laura\.jdks\temurin-17.0.9\bin\management.dll
Event: 3.226 Loaded shared library C:\Users\laura\.jdks\temurin-17.0.9\bin\management_ext.dll
Event: 4.248 Loaded shared library C:\Users\laura\.jdks\temurin-17.0.9\bin\sunmscapi.dll

Deoptimization events (20 events):
Event: 17.690 Thread 0x0000021f6c3a8c90 DEOPT PACKING pc=0x0000021f4337553c sp=0x000000b3a7dfe7b0
Event: 17.691 Thread 0x0000021f6c3a8c90 DEOPT UNPACKING pc=0x0000021f42c269a3 sp=0x000000b3a7dfe698 mode 2
Event: 17.749 Thread 0x0000021f69ce2e20 Uncommon trap: trap_request=0xffffffde fr.pc=0x0000021f43388cc8 relative=0x0000000000000848
Event: 17.749 Thread 0x0000021f69ce2e20 Uncommon trap: reason=class_check action=maybe_recompile pc=0x0000021f43388cc8 method=java.io.BufferedInputStream.read1([BII)I @ 39 c2
Event: 17.749 Thread 0x0000021f69ce2e20 DEOPT PACKING pc=0x0000021f43388cc8 sp=0x000000b3a86fee50
Event: 17.749 Thread 0x0000021f69ce2e20 DEOPT UNPACKING pc=0x0000021f42c269a3 sp=0x000000b3a86fed68 mode 2
Event: 17.967 Thread 0x0000021f69ce2e20 Uncommon trap: trap_request=0xffffffde fr.pc=0x0000021f43388cc8 relative=0x0000000000000848
Event: 17.967 Thread 0x0000021f69ce2e20 Uncommon trap: reason=class_check action=maybe_recompile pc=0x0000021f43388cc8 method=java.io.BufferedInputStream.read1([BII)I @ 39 c2
Event: 17.967 Thread 0x0000021f69ce2e20 DEOPT PACKING pc=0x0000021f43388cc8 sp=0x000000b3a86fee50
Event: 17.967 Thread 0x0000021f69ce2e20 DEOPT UNPACKING pc=0x0000021f42c269a3 sp=0x000000b3a86fed68 mode 2
Event: 17.969 Thread 0x0000021f69ce2e20 Uncommon trap: trap_request=0xffffffde fr.pc=0x0000021f43388cc8 relative=0x0000000000000848
Event: 17.969 Thread 0x0000021f69ce2e20 Uncommon trap: reason=class_check action=maybe_recompile pc=0x0000021f43388cc8 method=java.io.BufferedInputStream.read1([BII)I @ 39 c2
Event: 17.969 Thread 0x0000021f69ce2e20 DEOPT PACKING pc=0x0000021f43388cc8 sp=0x000000b3a86fee50
Event: 17.969 Thread 0x0000021f69ce2e20 DEOPT UNPACKING pc=0x0000021f42c269a3 sp=0x000000b3a86fed68 mode 2
Event: 17.971 Thread 0x0000021f69ce2e20 Uncommon trap: trap_request=0xffffffde fr.pc=0x0000021f43389894 relative=0x00000000000001d4
Event: 17.971 Thread 0x0000021f69ce2e20 Uncommon trap: reason=class_check action=maybe_recompile pc=0x0000021f43389894 method=java.io.BufferedInputStream.read1([BII)I @ 39 c2
Event: 17.971 Thread 0x0000021f69ce2e20 DEOPT PACKING pc=0x0000021f43389894 sp=0x000000b3a86fedb0
Event: 17.971 Thread 0x0000021f69ce2e20 DEOPT UNPACKING pc=0x0000021f42c269a3 sp=0x000000b3a86fed58 mode 2
Event: 104.284 Thread 0x0000021f6a560180 DEOPT PACKING pc=0x0000021f3bcbfb49 sp=0x000000b3a5ffe220
Event: 104.285 Thread 0x0000021f6a560180 DEOPT UNPACKING pc=0x0000021f42c27143 sp=0x000000b3a5ffd730 mode 0

Classes unloaded (0 events):
No events

Classes redefined (0 events):
No events

Internal exceptions (20 events):
Event: 17.278 Thread 0x0000021f6c3a96b0 Exception <a 'sun/nio/fs/WindowsException'{0x00000000ef3211b0}> (0x00000000ef3211b0) 
thrown [s\src\hotspot\share\prims\jni.cpp, line 516]
Event: 17.278 Thread 0x0000021f6c3a96b0 Exception <a 'sun/nio/fs/WindowsException'{0x00000000ef321500}> (0x00000000ef321500) 
thrown [s\src\hotspot\share\prims\jni.cpp, line 516]
Event: 17.278 Thread 0x0000021f6c3a96b0 Exception <a 'sun/nio/fs/WindowsException'{0x00000000ef323700}> (0x00000000ef323700) 
thrown [s\src\hotspot\share\prims\jni.cpp, line 516]
Event: 17.287 Thread 0x0000021f6c3a96b0 Exception <a 'sun/nio/fs/WindowsException'{0x00000000ef32d020}> (0x00000000ef32d020) 
thrown [s\src\hotspot\share\prims\jni.cpp, line 516]
Event: 17.287 Thread 0x0000021f6c3a96b0 Exception <a 'sun/nio/fs/WindowsException'{0x00000000ef32e240}> (0x00000000ef32e240) 
thrown [s\src\hotspot\share\prims\jni.cpp, line 516]
Event: 17.324 Thread 0x0000021f6c3a96b0 Exception <a 'sun/nio/fs/WindowsException'{0x00000000ef395740}> (0x00000000ef395740) 
thrown [s\src\hotspot\share\prims\jni.cpp, line 516]
Event: 17.324 Thread 0x0000021f6c3a96b0 Exception <a 'sun/nio/fs/WindowsException'{0x00000000ef396960}> (0x00000000ef396960) 
thrown [s\src\hotspot\share\prims\jni.cpp, line 516]
Event: 17.430 Thread 0x0000021f6c3a96b0 Exception <a 'sun/nio/fs/WindowsException'{0x00000000ef3eb658}> (0x00000000ef3eb658) 
thrown [s\src\hotspot\share\prims\jni.cpp, line 516]
Event: 17.664 Thread 0x0000021f68cdac60 Exception <a 'java/lang/NoSuchMethodError'{0x00000000eff5c540}: static Lorg/gradle/internal/build/event/types/DefaultTaskFinishedProgressEvent;.<clinit>()V> (0x00000000eff5c540) 
thrown [s\src\hotspot\share\prims\jni.cpp, line 1107]
Event: 17.669 Thread 0x0000021f6c3a96b0 Exception <a 'sun/nio/fs/WindowsException'{0x00000000ef0f5c68}> (0x00000000ef0f5c68) 
thrown [s\src\hotspot\share\prims\jni.cpp, line 516]
Event: 17.670 Thread 0x0000021f68cdac60 Exception <a 'java/lang/NoSuchMethodError'{0x00000000eee21ec8}: static Lorg/gradle/internal/build/event/types/DefaultJavaCompileTaskSuccessResult;.<clinit>()V> (0x00000000eee21ec8) 
thrown [s\src\hotspot\share\prims\jni.cpp, line 1107]
Event: 17.670 Thread 0x0000021f68cdac60 Exception <a 'java/lang/NoSuchMethodError'{0x00000000eee23638}: static Lorg/gradle/internal/build/event/types/DefaultTaskSuccessResult;.<clinit>()V> (0x00000000eee23638) 
thrown [s\src\hotspot\share\prims\jni.cpp, line 1107]
Event: 17.670 Thread 0x0000021f68cdac60 Exception <a 'java/lang/NoSuchMethodError'{0x00000000eee247b0}: static Lorg/gradle/internal/build/event/types/AbstractTaskResult;.<clinit>()V> (0x00000000eee247b0) 
thrown [s\src\hotspot\share\prims\jni.cpp, line 1107]
Event: 17.670 Thread 0x0000021f68cdac60 Exception <a 'java/lang/NoSuchMethodError'{0x00000000eee25cd8}: static Lorg/gradle/internal/build/event/types/AbstractResult;.<clinit>()V> (0x00000000eee25cd8) 
thrown [s\src\hotspot\share\prims\jni.cpp, line 1107]
Event: 17.674 Thread 0x0000021f68cdac60 Exception <a 'java/lang/NoSuchMethodError'{0x00000000eee9a750}: static [Ljava/lang/Object;.<clinit>()V> (0x00000000eee9a750) 
thrown [s\src\hotspot\share\prims\jni.cpp, line 1107]
Event: 17.684 Thread 0x0000021f68cdac60 Exception <a 'java/lang/NoSuchMethodError'{0x00000000eeea3db8}: static Lorg/gradle/internal/build/event/types/DefaultTaskSkippedResult;.<clinit>()V> (0x00000000eeea3db8) 
thrown [s\src\hotspot\share\prims\jni.cpp, line 1107]
Event: 17.730 Thread 0x0000021f69cde230 Exception <a 'java/lang/NoSuchMethodError'{0x00000000eedb3750}: 'void java.lang.invoke.DirectMethodHandle$Holder.invokeStatic(java.lang.Object, long)'> (0x00000000eedb3750) 
thrown [s\src\hotspot\share\interpreter\linkResolver.cpp, line 759]
Event: 17.732 Thread 0x0000021f69cde230 Exception <a 'java/lang/NoSuchMethodError'{0x00000000eedb8ab8}: 'java.lang.Object java.lang.invoke.DirectMethodHandle$Holder.newInvokeSpecial(java.lang.Object, long)'> (0x00000000eedb8ab8) 
thrown [s\src\hotspot\share\interpreter\linkResolver.cpp, line 759]
Event: 17.736 Thread 0x0000021f69cde230 Exception <a 'java/lang/NoSuchMethodError'{0x00000000eedc20f0}: 'java.lang.Object java.lang.invoke.DirectMethodHandle$Holder.invokeStatic(java.lang.Object, java.lang.Object, long, java.lang.Object)'> (0x00000000eedc20f0) 
thrown [s\src\hotspot\share\interpreter\linkResolver.cpp, line 759]
Event: 17.737 Thread 0x0000021f69cde230 Exception <a 'java/lang/NoSuchMethodError'{0x00000000eedc58c8}: 'java.lang.Object java.lang.invoke.DirectMethodHandle$Holder.invokeStaticInit(java.lang.Object, java.lang.Object, long, java.lang.Object)'> (0x00000000eedc58c8) 
thrown [s\src\hotspot\share\interpreter\linkResolver.cpp, line 759]

VM Operations (20 events):
Event: 23.732 Executing VM operation: Cleanup
Event: 23.733 Executing VM operation: Cleanup done
Event: 24.747 Executing VM operation: Cleanup
Event: 24.748 Executing VM operation: Cleanup done
Event: 29.798 Executing VM operation: Cleanup
Event: 29.798 Executing VM operation: Cleanup done
Event: 51.037 Executing VM operation: Cleanup
Event: 51.037 Executing VM operation: Cleanup done
Event: 60.084 Executing VM operation: HandshakeAllThreads
Event: 60.084 Executing VM operation: HandshakeAllThreads done
Event: 63.111 Executing VM operation: Cleanup
Event: 63.111 Executing VM operation: Cleanup done
Event: 66.137 Executing VM operation: Cleanup
Event: 66.137 Executing VM operation: Cleanup done
Event: 69.179 Executing VM operation: Cleanup
Event: 69.179 Executing VM operation: Cleanup done
Event: 77.284 Executing VM operation: Cleanup
Event: 77.285 Executing VM operation: Cleanup done
Event: 97.497 Executing VM operation: Cleanup
Event: 97.498 Executing VM operation: Cleanup done

Events (20 events):
Event: 17.715 loading class java/util/stream/ReduceOps$2ReducingSink done
Event: 17.721 Thread 0x0000021f69cde230 Thread added: 0x0000021f69cde230
Event: 17.722 loading class java/lang/ProcessImpl
Event: 17.723 loading class java/lang/ProcessImpl done
Event: 17.732 loading class java/lang/ProcessHandleImpl
Event: 17.734 loading class java/lang/ProcessHandleImpl done
Event: 17.738 loading class java/lang/ProcessImpl$2
Event: 17.738 loading class java/lang/ProcessImpl$2 done
Event: 17.738 loading class java/lang/Process$PipeInputStream
Event: 17.738 loading class java/lang/Process$PipeInputStream done
Event: 17.739 loading class jdk/internal/event/ProcessStartEvent
Event: 17.739 loading class jdk/internal/event/ProcessStartEvent done
Event: 17.741 Thread 0x0000021f69cdf670 Thread added: 0x0000021f69cdf670
Event: 17.743 Thread 0x0000021f69cde740 Thread added: 0x0000021f69cde740
Event: 17.743 Thread 0x0000021f69cdec50 Thread added: 0x0000021f69cdec50
Event: 17.746 Thread 0x0000021f69ce2e20 Thread added: 0x0000021f69ce2e20
Event: 17.968 Thread 0x0000021f6a124a00 Thread exited: 0x0000021f6a124a00
Event: 45.225 loading class java/time/Instant$1
Event: 45.225 loading class java/time/Instant$1 done
Event: 818.213 Thread 0x0000021f6ca289c0 Thread added: 0x0000021f6ca289c0


Dynamic libraries:
0x00007ff6f3730000 - 0x00007ff6f373e000 	C:\Users\laura\.jdks\temurin-17.0.9\bin\java.exe
0x00007ffd66e70000 - 0x00007ffd67067000 	C:\WINDOWS\SYSTEM32\ntdll.dll
0x00007ffd65990000 - 0x00007ffd65a4d000 	C:\WINDOWS\System32\KERNEL32.DLL
0x00007ffd64550000 - 0x00007ffd64846000 	C:\WINDOWS\System32\KERNELBASE.dll
0x00007ffd64880000 - 0x00007ffd64980000 	C:\WINDOWS\System32\ucrtbase.dll
0x00007ffd57310000 - 0x00007ffd57327000 	C:\Users\laura\.jdks\temurin-17.0.9\bin\jli.dll
0x00007ffd65f00000 - 0x00007ffd6609e000 	C:\WINDOWS\System32\USER32.dll
0x00007ffd64850000 - 0x00007ffd64872000 	C:\WINDOWS\System32\win32u.dll
0x00007ffd65060000 - 0x00007ffd6508c000 	C:\WINDOWS\System32\GDI32.dll
0x00007ffd64b10000 - 0x00007ffd64c2a000 	C:\WINDOWS\System32\gdi32full.dll
0x00007ffd64e30000 - 0x00007ffd64ecd000 	C:\WINDOWS\System32\msvcp_win.dll
0x00007ffd572f0000 - 0x00007ffd5730b000 	C:\Users\laura\.jdks\temurin-17.0.9\bin\VCRUNTIME140.dll
0x00007ffd4e0c0000 - 0x00007ffd4e35a000 	C:\WINDOWS\WinSxS\amd64_microsoft.windows.common-controls_6595b64144ccf1df_6.0.19041.3570_none_60bb2a3971f3e41a\COMCTL32.dll
0x00007ffd66c90000 - 0x00007ffd66d2e000 	C:\WINDOWS\System32\msvcrt.dll
0x00007ffd66e00000 - 0x00007ffd66e30000 	C:\WINDOWS\System32\IMM32.DLL
0x00007ffd57980000 - 0x00007ffd5798c000 	C:\Users\laura\.jdks\temurin-17.0.9\bin\vcruntime140_1.dll
0x00007ffd34ed0000 - 0x00007ffd34f5d000 	C:\Users\laura\.jdks\temurin-17.0.9\bin\msvcp140.dll
0x00007ffd176e0000 - 0x00007ffd18341000 	C:\Users\laura\.jdks\temurin-17.0.9\bin\server\jvm.dll
0x00007ffd65ae0000 - 0x00007ffd65b8e000 	C:\WINDOWS\System32\ADVAPI32.dll
0x00007ffd66860000 - 0x00007ffd668fc000 	C:\WINDOWS\System32\sechost.dll
0x00007ffd66900000 - 0x00007ffd66a26000 	C:\WINDOWS\System32\RPCRT4.dll
0x00007ffd64300000 - 0x00007ffd6434b000 	C:\WINDOWS\SYSTEM32\POWRPROF.dll
0x00007ffd52be0000 - 0x00007ffd52be9000 	C:\WINDOWS\SYSTEM32\WSOCK32.dll
0x00007ffd667f0000 - 0x00007ffd6685b000 	C:\WINDOWS\System32\WS2_32.dll
0x00007ffd47800000 - 0x00007ffd47827000 	C:\WINDOWS\SYSTEM32\WINMM.dll
0x00007ffd5c2c0000 - 0x00007ffd5c2ca000 	C:\WINDOWS\SYSTEM32\VERSION.dll
0x00007ffd642e0000 - 0x00007ffd642f2000 	C:\WINDOWS\SYSTEM32\UMPDC.dll
0x00007ffd623b0000 - 0x00007ffd623c2000 	C:\WINDOWS\SYSTEM32\kernel.appcore.dll
0x00007ffd57930000 - 0x00007ffd5793a000 	C:\Users\laura\.jdks\temurin-17.0.9\bin\jimage.dll
0x00007ffd5fb60000 - 0x00007ffd5fd44000 	C:\WINDOWS\SYSTEM32\DBGHELP.DLL
0x00007ffd5fb20000 - 0x00007ffd5fb54000 	C:\WINDOWS\SYSTEM32\dbgcore.DLL
0x00007ffd64d50000 - 0x00007ffd64dd2000 	C:\WINDOWS\System32\bcryptPrimitives.dll
0x00007ffd57720000 - 0x00007ffd5772e000 	C:\Users\laura\.jdks\temurin-17.0.9\bin\instrument.dll
0x00007ffd54020000 - 0x00007ffd54045000 	C:\Users\laura\.jdks\temurin-17.0.9\bin\java.dll
0x00007ffd34b20000 - 0x00007ffd34bf7000 	C:\Users\laura\.jdks\temurin-17.0.9\bin\jsvml.dll
0x00007ffd660a0000 - 0x00007ffd667e4000 	C:\WINDOWS\System32\SHELL32.dll
0x00007ffd625b0000 - 0x00007ffd62d4b000 	C:\WINDOWS\SYSTEM32\windows.storage.dll
0x00007ffd65090000 - 0x00007ffd653e4000 	C:\WINDOWS\System32\combase.dll
0x00007ffd63de0000 - 0x00007ffd63e0d000 	C:\WINDOWS\SYSTEM32\Wldp.dll
0x00007ffd66be0000 - 0x00007ffd66c8d000 	C:\WINDOWS\System32\SHCORE.dll
0x00007ffd65ea0000 - 0x00007ffd65ef5000 	C:\WINDOWS\System32\shlwapi.dll
0x00007ffd64480000 - 0x00007ffd644a5000 	C:\WINDOWS\SYSTEM32\profapi.dll
0x00007ffd563c0000 - 0x00007ffd563d8000 	C:\Users\laura\.jdks\temurin-17.0.9\bin\zip.dll
0x00007ffd54000000 - 0x00007ffd54019000 	C:\Users\laura\.jdks\temurin-17.0.9\bin\net.dll
0x00007ffd55db0000 - 0x00007ffd55eba000 	C:\WINDOWS\SYSTEM32\WINHTTP.dll
0x00007ffd63bc0000 - 0x00007ffd63c2a000 	C:\WINDOWS\system32\mswsock.dll
0x00007ffd53f70000 - 0x00007ffd53f86000 	C:\Users\laura\.jdks\temurin-17.0.9\bin\nio.dll
0x00007ffd57610000 - 0x00007ffd57620000 	C:\Users\laura\.jdks\temurin-17.0.9\bin\verify.dll
0x00007ffd33b80000 - 0x00007ffd33ba7000 	C:\Users\laura\.gradle\native\68d5fa5c4cc2d200863cafc0d521ce42e7d3e7ee720ec0a83991735586a16f82\windows-amd64\native-platform.dll
0x00007ffd28490000 - 0x00007ffd285d4000 	C:\Users\laura\.gradle\native\e376f236ea51e6404a007f0833ffe2c6e607c4080706a723a18a27aeea778392\windows-amd64\native-platform-file-events.dll
0x00007ffd572e0000 - 0x00007ffd572e9000 	C:\Users\laura\.jdks\temurin-17.0.9\bin\management.dll
0x00007ffd53fb0000 - 0x00007ffd53fbb000 	C:\Users\laura\.jdks\temurin-17.0.9\bin\management_ext.dll
0x00007ffd65920000 - 0x00007ffd65928000 	C:\WINDOWS\System32\PSAPI.DLL
0x00007ffd63e20000 - 0x00007ffd63e38000 	C:\WINDOWS\SYSTEM32\CRYPTSP.dll
0x00007ffd634f0000 - 0x00007ffd63524000 	C:\WINDOWS\system32\rsaenh.dll
0x00007ffd64ae0000 - 0x00007ffd64b07000 	C:\WINDOWS\System32\bcrypt.dll
0x00007ffd64440000 - 0x00007ffd6446e000 	C:\WINDOWS\SYSTEM32\USERENV.dll
0x00007ffd63d50000 - 0x00007ffd63d5c000 	C:\WINDOWS\SYSTEM32\CRYPTBASE.dll
0x00007ffd638d0000 - 0x00007ffd6390b000 	C:\WINDOWS\SYSTEM32\IPHLPAPI.DLL
0x00007ffd65860000 - 0x00007ffd65868000 	C:\WINDOWS\System32\NSI.dll
0x00007ffd56e60000 - 0x00007ffd56e77000 	C:\WINDOWS\SYSTEM32\dhcpcsvc6.DLL
0x00007ffd56e40000 - 0x00007ffd56e5d000 	C:\WINDOWS\SYSTEM32\dhcpcsvc.DLL
0x00007ffd63910000 - 0x00007ffd639da000 	C:\WINDOWS\SYSTEM32\DNSAPI.dll
0x00007ffd53f60000 - 0x00007ffd53f6e000 	C:\Users\laura\.jdks\temurin-17.0.9\bin\sunmscapi.dll
0x00007ffd64980000 - 0x00007ffd64add000 	C:\WINDOWS\System32\CRYPT32.dll
0x00007ffd63f90000 - 0x00007ffd63fb7000 	C:\WINDOWS\SYSTEM32\ncrypt.dll
0x00007ffd63f50000 - 0x00007ffd63f8b000 	C:\WINDOWS\SYSTEM32\NTASN1.dll
0x00007ffd573b0000 - 0x00007ffd573b7000 	C:\WINDOWS\system32\wshunix.dll

dbghelp: loaded successfully - version: 4.0.5 - missing functions: none
symbol engine: initialized successfully - sym options: 0x614 - pdb path: .;C:\Users\laura\.jdks\temurin-17.0.9\bin;C:\WINDOWS\SYSTEM32;C:\WINDOWS\WinSxS\amd64_microsoft.windows.common-controls_6595b64144ccf1df_6.0.19041.3570_none_60bb2a3971f3e41a;C:\Users\laura\.jdks\temurin-17.0.9\bin\server;C:\Users\laura\.gradle\native\68d5fa5c4cc2d200863cafc0d521ce42e7d3e7ee720ec0a83991735586a16f82\windows-amd64;C:\Users\laura\.gradle\native\e376f236ea51e6404a007f0833ffe2c6e607c4080706a723a18a27aeea778392\windows-amd64

VM Arguments:
jvm_args: --add-opens=java.base/java.util=ALL-UNNAMED --add-opens=java.base/java.lang=ALL-UNNAMED --add-opens=java.base/java.lang.invoke=ALL-UNNAMED --add-opens=java.prefs/java.util.prefs=ALL-UNNAMED --add-opens=java.base/java.nio.charset=ALL-UNNAMED --add-opens=java.base/java.net=ALL-UNNAMED --add-opens=java.base/java.util.concurrent.atomic=ALL-UNNAMED -XX:MaxMetaspaceSize=384m -XX:+HeapDumpOnOutOfMemoryError -Xms256m -Xmx512m -Dfile.encoding=windows-1252 -Duser.country=ES -Duser.language=es -Duser.variant -javaagent:C:\Users\laura\.gradle\wrapper\dists\gradle-8.2-bin\bbg7u40eoinfdyxsxr3z4i7ta\gradle-8.2\lib\agents\gradle-instrumentation-agent-8.2.jar 
java_command: org.gradle.launcher.daemon.bootstrap.GradleDaemon 8.2
java_class_path (initial): C:\Users\laura\.gradle\wrapper\dists\gradle-8.2-bin\bbg7u40eoinfdyxsxr3z4i7ta\gradle-8.2\lib\gradle-launcher-8.2.jar
Launcher Type: SUN_STANDARD

[Global flags]
     intx CICompilerCount                          = 3                                         {product} {ergonomic}
   size_t CompressedClassSpaceSize                 = 335544320                                 {product} {ergonomic}
     uint ConcGCThreads                            = 1                                         {product} {ergonomic}
     uint G1ConcRefinementThreads                  = 4                                         {product} {ergonomic}
   size_t G1HeapRegionSize                         = 1048576                                   {product} {ergonomic}
    uintx GCDrainStackTargetSize                   = 64                                        {product} {ergonomic}
     bool HeapDumpOnOutOfMemoryError               = true                                   {manageable} {command line}
   size_t InitialHeapSize                          = 268435456                                 {product} {command line}
   size_t MarkStackSize                            = 4194304                                   {product} {ergonomic}
   size_t MaxHeapSize                              = 536870912                                 {product} {command line}
   size_t MaxMetaspaceSize                         = 402653184                                 {product} {command line}
   size_t MaxNewSize                               = 321912832                                 {product} {ergonomic}
   size_t MinHeapDeltaBytes                        = 1048576                                   {product} {ergonomic}
   size_t MinHeapSize                              = 268435456                                 {product} {command line}
    uintx NonNMethodCodeHeapSize                   = 5832780                                {pd product} {ergonomic}
    uintx NonProfiledCodeHeapSize                  = 122912730                              {pd product} {ergonomic}
    uintx ProfiledCodeHeapSize                     = 122912730                              {pd product} {ergonomic}
    uintx ReservedCodeCacheSize                    = 251658240                              {pd product} {ergonomic}
     bool SegmentedCodeCache                       = true                                      {product} {ergonomic}
   size_t SoftMaxHeapSize                          = 536870912                              {manageable} {ergonomic}
     bool UseCompressedClassPointers               = true                           {product lp64_product} {ergonomic}
     bool UseCompressedOops                        = true                           {product lp64_product} {ergonomic}
     bool UseG1GC                                  = true                                      {product} {ergonomic}
     bool UseLargePagesIndividualAllocation        = false                                  {pd product} {ergonomic}

Logging:
Log output configuration:
 #0: stdout all=warning uptime,level,tags
 #1: stderr all=off uptime,level,tags

Environment Variables:
PATH=C:\Program Files\Common Files\Oracle\Java\javapath;C:\Program Files (x86)\Common Files\Oracle\Java\javapath;C:\WINDOWS\system32;C:\WINDOWS;C:\WINDOWS\System32\Wbem;C:\WINDOWS\System32\WindowsPowerShell\v1.0\;C:\WINDOWS\System32\OpenSSH\;C:\Program Files\Git\cmd;C:\Users\laura\AppData\Local\Microsoft\WindowsApps;C:\Users\laura\AppData\Local\Programs\Microsoft VS Code\bin;C:\Program Files\JetBrains\IntelliJ IDEA Community Edition 2023.2.5\bin
USERNAME=laura
OS=Windows_NT
PROCESSOR_IDENTIFIER=Intel64 Family 6 Model 142 Stepping 12, GenuineIntel
TMP=C:\Users\laura\AppData\Local\Temp
TEMP=C:\Users\laura\AppData\Local\Temp



Periodic native trim disabled


---------------  S Y S T E M  ---------------

OS:
 Windows 10 , 64 bit Build 19041 (10.0.19041.3570)
OS uptime: 24 days 23:55 hours
Hyper-V role detected

CPU: total 4 (initial active 4) (2 cores per cpu, 2 threads per core) family 6 model 142 stepping 12 microcode 0xd6, cx8, cmov, fxsr, ht, mmx, 3dnowpref, sse, sse2, sse3, ssse3, sse4.1, sse4.2, popcnt, lzcnt, tsc, tscinvbit, avx, avx2, aes, erms, clmul, bmi1, bmi2, adx, fma, vzeroupper, clflush, clflushopt, hv
Processor Information for all 4 processors :
  Max Mhz: 2112, Current Mhz: 2112, Mhz Limit: 2112

Memory: 4k page, system-wide physical 8056M (450M free)
TotalPageFile size 24482M (AvailPageFile size 0M)
current process WorkingSet (physical memory assigned to process): 359M, peak: 394M
current process commit charge ("private bytes"): 461M, peak: 485M

vm_info: OpenJDK 64-Bit Server VM (17.0.9+9) for windows-amd64 JRE (17.0.9+9), built on Oct 26 2023 14:01:42 by "admin" with MS VC++ 16.10 / 16.11 (VS2019)

END.
